-- Install configuration: ""
-- Up-to-date: /home/user/ROS2_UR_manipulation_ws/install/robotnik_sensors/share/ament_index/resource_index/package_run_dependencies/robotnik_sensors
-- Up-to-date: /home/user/ROS2_UR_manipulation_ws/install/robotnik_sensors/share/ament_index/resource_index/parent_prefix_path/robotnik_sensors
-- Up-to-date: /home/user/ROS2_UR_manipulation_ws/install/robotnik_sensors/share/robotnik_sensors/environment/ament_prefix_path.sh
-- Up-to-date: /home/user/ROS2_UR_manipulation_ws/install/robotnik_sensors/share/robotnik_sensors/environment/ament_prefix_path.dsv
-- Up-to-date: /home/user/ROS2_UR_manipulation_ws/install/robotnik_sensors/share/robotnik_sensors/environment/path.sh
-- Up-to-date: /home/user/ROS2_UR_manipulation_ws/install/robotnik_sensors/share/robotnik_sensors/environment/path.dsv
-- Up-to-date: /home/user/ROS2_UR_manipulation_ws/install/robotnik_sensors/share/robotnik_sensors/local_setup.bash
-- Up-to-date: /home/user/ROS2_UR_manipulation_ws/install/robotnik_sensors/share/robotnik_sensors/local_setup.sh
-- Up-to-date: /home/user/ROS2_UR_manipulation_ws/install/robotnik_sensors/share/robotnik_sensors/local_setup.zsh
-- Up-to-date: /home/user/ROS2_UR_manipulation_ws/install/robotnik_sensors/share/robotnik_sensors/local_setup.dsv
-- Installing: /home/user/ROS2_UR_manipulation_ws/install/robotnik_sensors/share/robotnik_sensors/package.dsv
-- Up-to-date: /home/user/ROS2_UR_manipulation_ws/install/robotnik_sensors/share/ament_index/resource_index/packages/robotnik_sensors
-- Up-to-date: /home/user/ROS2_UR_manipulation_ws/install/robotnik_sensors/share/robotnik_sensors/cmake/robotnik_sensorsConfig.cmake
-- Up-to-date: /home/user/ROS2_UR_manipulation_ws/install/robotnik_sensors/share/robotnik_sensors/cmake/robotnik_sensorsConfig-version.cmake
-- Up-to-date: /home/user/ROS2_UR_manipulation_ws/install/robotnik_sensors/share/robotnik_sensors/package.xml
-- Up-to-date: /home/user/ROS2_UR_manipulation_ws/install/robotnik_sensors/share/robotnik_sensors//meshes
-- Up-to-date: /home/user/ROS2_UR_manipulation_ws/install/robotnik_sensors/share/robotnik_sensors//meshes/kinectv2.dae
-- Up-to-date: /home/user/ROS2_UR_manipulation_ws/install/robotnik_sensors/share/robotnik_sensors//meshes/sick_outdoorscan3.stl
-- Up-to-date: /home/user/ROS2_UR_manipulation_ws/install/robotnik_sensors/share/robotnik_sensors//meshes/orbbec_astra.stl
-- Up-to-date: /home/user/ROS2_UR_manipulation_ws/install/robotnik_sensors/share/robotnik_sensors//meshes/intel_d435_color.dae
-- Up-to-date: /home/user/ROS2_UR_manipulation_ws/install/robotnik_sensors/share/robotnik_sensors//meshes/asus_xtion_pro_live.dae
-- Up-to-date: /home/user/ROS2_UR_manipulation_ws/install/robotnik_sensors/share/robotnik_sensors//meshes/axis_q8641_n2-1.STL
-- Up-to-date: /home/user/ROS2_UR_manipulation_ws/install/robotnik_sensors/share/robotnik_sensors//meshes/kinect.jpg
-- Up-to-date: /home/user/ROS2_UR_manipulation_ws/install/robotnik_sensors/share/robotnik_sensors//meshes/sick_tim571.dae
-- Up-to-date: /home/user/ROS2_UR_manipulation_ws/install/robotnik_sensors/share/robotnik_sensors//meshes/orbbec_astra_embedded_s.stl
-- Up-to-date: /home/user/ROS2_UR_manipulation_ws/install/robotnik_sensors/share/robotnik_sensors//meshes/antenna_3GO16.stl
-- Up-to-date: /home/user/ROS2_UR_manipulation_ws/install/robotnik_sensors/share/robotnik_sensors//meshes/zedm.stl
-- Up-to-date: /home/user/ROS2_UR_manipulation_ws/install/robotnik_sensors/share/robotnik_sensors//meshes/sick_mls.stl
-- Up-to-date: /home/user/ROS2_UR_manipulation_ws/install/robotnik_sensors/share/robotnik_sensors//meshes/yujin_yrl.stl
-- Up-to-date: /home/user/ROS2_UR_manipulation_ws/install/robotnik_sensors/share/robotnik_sensors//meshes/axis_q8641_n1-1.STL
-- Up-to-date: /home/user/ROS2_UR_manipulation_ws/install/robotnik_sensors/share/robotnik_sensors//meshes/antenna_ANN_MB.stl
-- Up-to-date: /home/user/ROS2_UR_manipulation_ws/install/robotnik_sensors/share/robotnik_sensors//meshes/sick_s300.stl
-- Up-to-date: /home/user/ROS2_UR_manipulation_ws/install/robotnik_sensors/share/robotnik_sensors//meshes/asus_xtion_pro_live.png
-- Up-to-date: /home/user/ROS2_UR_manipulation_ws/install/robotnik_sensors/share/robotnik_sensors//meshes/sick_s300.png
-- Up-to-date: /home/user/ROS2_UR_manipulation_ws/install/robotnik_sensors/share/robotnik_sensors//meshes/sick_tim551.dae
-- Up-to-date: /home/user/ROS2_UR_manipulation_ws/install/robotnik_sensors/share/robotnik_sensors//meshes/zed.stl
-- Up-to-date: /home/user/ROS2_UR_manipulation_ws/install/robotnik_sensors/share/robotnik_sensors//meshes/hokuyo.png
-- Up-to-date: /home/user/ROS2_UR_manipulation_ws/install/robotnik_sensors/share/robotnik_sensors//meshes/viper.dae
-- Up-to-date: /home/user/ROS2_UR_manipulation_ws/install/robotnik_sensors/share/robotnik_sensors//meshes/rs_bpearl.stl
-- Up-to-date: /home/user/ROS2_UR_manipulation_ws/install/robotnik_sensors/share/robotnik_sensors//meshes/intel_d435.png
-- Up-to-date: /home/user/ROS2_UR_manipulation_ws/install/robotnik_sensors/share/robotnik_sensors//meshes/kinect.dae
-- Up-to-date: /home/user/ROS2_UR_manipulation_ws/install/robotnik_sensors/share/robotnik_sensors//meshes/orbbec_astra_embedded_s.dae
-- Up-to-date: /home/user/ROS2_UR_manipulation_ws/install/robotnik_sensors/share/robotnik_sensors//meshes/sick_tim551.stl
-- Up-to-date: /home/user/ROS2_UR_manipulation_ws/install/robotnik_sensors/share/robotnik_sensors//meshes/sick_tim571.stl
-- Up-to-date: /home/user/ROS2_UR_manipulation_ws/install/robotnik_sensors/share/robotnik_sensors//meshes/axis_p5512.dae
-- Up-to-date: /home/user/ROS2_UR_manipulation_ws/install/robotnik_sensors/share/robotnik_sensors//meshes/hokuyo_utm_30lx.dae
-- Up-to-date: /home/user/ROS2_UR_manipulation_ws/install/robotnik_sensors/share/robotnik_sensors//meshes/pointgrey_bumblebee2.dae
-- Up-to-date: /home/user/ROS2_UR_manipulation_ws/install/robotnik_sensors/share/robotnik_sensors//meshes/hokuyo3d.dae
-- Up-to-date: /home/user/ROS2_UR_manipulation_ws/install/robotnik_sensors/share/robotnik_sensors//meshes/axis_p5514.dae
-- Up-to-date: /home/user/ROS2_UR_manipulation_ws/install/robotnik_sensors/share/robotnik_sensors//meshes/rplidar_a2.stl
-- Up-to-date: /home/user/ROS2_UR_manipulation_ws/install/robotnik_sensors/share/robotnik_sensors//meshes/ueye_cp_gige.stl
-- Up-to-date: /home/user/ROS2_UR_manipulation_ws/install/robotnik_sensors/share/robotnik_sensors//meshes/hokuyo_ust_20lx.dae
-- Up-to-date: /home/user/ROS2_UR_manipulation_ws/install/robotnik_sensors/share/robotnik_sensors//meshes/axis_m5525.dae
-- Up-to-date: /home/user/ROS2_UR_manipulation_ws/install/robotnik_sensors/share/robotnik_sensors//meshes/benewake_ce30d.stl
-- Up-to-date: /home/user/ROS2_UR_manipulation_ws/install/robotnik_sensors/share/robotnik_sensors//meshes/hokuyo3d.jpg
-- Up-to-date: /home/user/ROS2_UR_manipulation_ws/install/robotnik_sensors/share/robotnik_sensors//meshes/viper.stl
-- Up-to-date: /home/user/ROS2_UR_manipulation_ws/install/robotnik_sensors/share/robotnik_sensors//meshes/intel_r430.stl
-- Up-to-date: /home/user/ROS2_UR_manipulation_ws/install/robotnik_sensors/share/robotnik_sensors//meshes/teraranger_tr_duo.stl
-- Up-to-date: /home/user/ROS2_UR_manipulation_ws/install/robotnik_sensors/share/robotnik_sensors//meshes/sick_microscan3.stl
-- Up-to-date: /home/user/ROS2_UR_manipulation_ws/install/robotnik_sensors/share/robotnik_sensors//meshes/hokuyo_urg_04lx.dae
-- Up-to-date: /home/user/ROS2_UR_manipulation_ws/install/robotnik_sensors/share/robotnik_sensors//meshes/intel_d435.dae
-- Up-to-date: /home/user/ROS2_UR_manipulation_ws/install/robotnik_sensors/share/robotnik_sensors//meshes/kinectv2_nobase.dae
-- Up-to-date: /home/user/ROS2_UR_manipulation_ws/install/robotnik_sensors/share/robotnik_sensors//meshes/rplidar.dae
-- Up-to-date: /home/user/ROS2_UR_manipulation_ws/install/robotnik_sensors/share/robotnik_sensors//meshes/hokuyo3d.stl
-- Up-to-date: /home/user/ROS2_UR_manipulation_ws/install/robotnik_sensors/share/robotnik_sensors//meshes/axis_p5514.stl
-- Up-to-date: /home/user/ROS2_UR_manipulation_ws/install/robotnik_sensors/share/robotnik_sensors//meshes/zed2.stl
-- Up-to-date: /home/user/ROS2_UR_manipulation_ws/install/robotnik_sensors/share/robotnik_sensors//meshes/teraranger_tr_duo.dae
-- Up-to-date: /home/user/ROS2_UR_manipulation_ws/install/robotnik_sensors/share/robotnik_sensors//meshes/rplidar_a2.dae
-- Up-to-date: /home/user/ROS2_UR_manipulation_ws/install/robotnik_sensors/share/robotnik_sensors//meshes/rslidar.dae
-- Up-to-date: /home/user/ROS2_UR_manipulation_ws/install/robotnik_sensors/share/robotnik_sensors//meshes/hokuyo_ust_10lx.dae
-- Up-to-date: /home/user/ROS2_UR_manipulation_ws/install/robotnik_sensors/share/robotnik_sensors//meshes/sick_outdoorscan3.dae
-- Up-to-date: /home/user/ROS2_UR_manipulation_ws/install/robotnik_sensors/share/robotnik_sensors//meshes/lidar_mast.STL
-- Up-to-date: /home/user/ROS2_UR_manipulation_ws/install/robotnik_sensors/share/robotnik_sensors//meshes/hokuyo_urg_04lx.stl
-- Up-to-date: /home/user/ROS2_UR_manipulation_ws/install/robotnik_sensors/share/robotnik_sensors//meshes/ueye_cp_gige.dae
-- Up-to-date: /home/user/ROS2_UR_manipulation_ws/install/robotnik_sensors/share/robotnik_sensors//meshes/rs_bpearl.dae
-- Up-to-date: /home/user/ROS2_UR_manipulation_ws/install/robotnik_sensors/share/robotnik_sensors//meshes/axis_m5013.stl
-- Up-to-date: /home/user/ROS2_UR_manipulation_ws/install/robotnik_sensors/share/robotnik_sensors//meshes/sick_s300_color.dae
-- Up-to-date: /home/user/ROS2_UR_manipulation_ws/install/robotnik_sensors/share/robotnik_sensors//meshes/axis_m5013.dae
-- Up-to-date: /home/user/ROS2_UR_manipulation_ws/install/robotnik_sensors/share/robotnik_sensors//meshes/orbbec_astra.dae
-- Up-to-date: /home/user/ROS2_UR_manipulation_ws/install/robotnik_sensors/share/robotnik_sensors//meshes/benewake_ce30d.dae
-- Up-to-date: /home/user/ROS2_UR_manipulation_ws/install/robotnik_sensors/share/robotnik_sensors//meshes/rslidar.stl
-- Up-to-date: /home/user/ROS2_UR_manipulation_ws/install/robotnik_sensors/share/robotnik_sensors//meshes/sick_microscan3.dae
-- Up-to-date: /home/user/ROS2_UR_manipulation_ws/install/robotnik_sensors/share/robotnik_sensors//meshes/sick_s3000.stl
-- Up-to-date: /home/user/ROS2_UR_manipulation_ws/install/robotnik_sensors/share/robotnik_sensors//meshes/ydlidar_4f.dae
-- Up-to-date: /home/user/ROS2_UR_manipulation_ws/install/robotnik_sensors/share/robotnik_sensors//meshes/sick_s300.dae
-- Up-to-date: /home/user/ROS2_UR_manipulation_ws/install/robotnik_sensors/share/robotnik_sensors//meshes/velodyne_vlp16.stl
-- Up-to-date: /home/user/ROS2_UR_manipulation_ws/install/robotnik_sensors/share/robotnik_sensors//meshes/intel_d435.stl
-- Up-to-date: /home/user/ROS2_UR_manipulation_ws/install/robotnik_sensors/share/robotnik_sensors//meshes/fotonic_e.stl
-- Up-to-date: /home/user/ROS2_UR_manipulation_ws/install/robotnik_sensors/share/robotnik_sensors//meshes/intel_r430.dae
-- Up-to-date: /home/user/ROS2_UR_manipulation_ws/install/robotnik_sensors/share/robotnik_sensors//meshes/axis_m5525.stl
-- Up-to-date: /home/user/ROS2_UR_manipulation_ws/install/robotnik_sensors/share/robotnik_sensors//meshes/camera_axis_q8641.STL
-- Up-to-date: /home/user/ROS2_UR_manipulation_ws/install/robotnik_sensors/share/robotnik_sensors//meshes/kinect.tga
-- Up-to-date: /home/user/ROS2_UR_manipulation_ws/install/robotnik_sensors/share/robotnik_sensors//meshes/hokuyo_utm_30lx.stl
-- Up-to-date: /home/user/ROS2_UR_manipulation_ws/install/robotnik_sensors/share/robotnik_sensors//meshes/sick_s3000.dae
-- Up-to-date: /home/user/ROS2_UR_manipulation_ws/install/robotnik_sensors/share/robotnik_sensors//meshes/rslidar_mems.stl
-- Up-to-date: /home/user/ROS2_UR_manipulation_ws/install/robotnik_sensors/share/robotnik_sensors//meshes/vectornav_vn100.stl
-- Up-to-date: /home/user/ROS2_UR_manipulation_ws/install/robotnik_sensors/share/robotnik_sensors//meshes/kinectv2.stl
-- Up-to-date: /home/user/ROS2_UR_manipulation_ws/install/robotnik_sensors/share/robotnik_sensors//meshes/axis_p5512.stl
-- Up-to-date: /home/user/ROS2_UR_manipulation_ws/install/robotnik_sensors/share/robotnik_sensors//meshes/antenna_3GO16.dae
-- Up-to-date: /home/user/ROS2_UR_manipulation_ws/install/robotnik_sensors/share/robotnik_sensors//meshes/ouster1.STL
-- Up-to-date: /home/user/ROS2_UR_manipulation_ws/install/robotnik_sensors/share/robotnik_sensors//meshes/velodyne_vlp16.dae
-- Up-to-date: /home/user/ROS2_UR_manipulation_ws/install/robotnik_sensors/share/robotnik_sensors//meshes/kinectv2_nobase.stl
-- Up-to-date: /home/user/ROS2_UR_manipulation_ws/install/robotnik_sensors/share/robotnik_sensors//meshes/benewake_ce30.stl
-- Up-to-date: /home/user/ROS2_UR_manipulation_ws/install/robotnik_sensors/share/robotnik_sensors//meshes/sick_nanoscan3.stl
-- Up-to-date: /home/user/ROS2_UR_manipulation_ws/install/robotnik_sensors/share/robotnik_sensors//meshes/ydlidar_4f.png
-- Up-to-date: /home/user/ROS2_UR_manipulation_ws/install/robotnik_sensors/share/robotnik_sensors//urdf
-- Up-to-date: /home/user/ROS2_UR_manipulation_ws/install/robotnik_sensors/share/robotnik_sensors//urdf/sick_microscan3.urdf.xacro
-- Up-to-date: /home/user/ROS2_UR_manipulation_ws/install/robotnik_sensors/share/robotnik_sensors//urdf/pointgrey_bumblebee2.urdf.xacro
-- Up-to-date: /home/user/ROS2_UR_manipulation_ws/install/robotnik_sensors/share/robotnik_sensors//urdf/vectornav.urdf.xacro
-- Up-to-date: /home/user/ROS2_UR_manipulation_ws/install/robotnik_sensors/share/robotnik_sensors//urdf/roboteq_mgs.urdf.xacro
-- Up-to-date: /home/user/ROS2_UR_manipulation_ws/install/robotnik_sensors/share/robotnik_sensors//urdf/intel_d435.urdf.xacro
-- Up-to-date: /home/user/ROS2_UR_manipulation_ws/install/robotnik_sensors/share/robotnik_sensors//urdf/kinect.urdf.xacro
-- Up-to-date: /home/user/ROS2_UR_manipulation_ws/install/robotnik_sensors/share/robotnik_sensors//urdf/ublox.urdf.xacro
-- Up-to-date: /home/user/ROS2_UR_manipulation_ws/install/robotnik_sensors/share/robotnik_sensors//urdf/velodyne_vlp16.urdf.xacro
-- Up-to-date: /home/user/ROS2_UR_manipulation_ws/install/robotnik_sensors/share/robotnik_sensors//urdf/intel_r430.urdf.xacro
-- Up-to-date: /home/user/ROS2_UR_manipulation_ws/install/robotnik_sensors/share/robotnik_sensors//urdf/teraranger_tr_duo.urdf.xacro
-- Up-to-date: /home/user/ROS2_UR_manipulation_ws/install/robotnik_sensors/share/robotnik_sensors//urdf/gps.urdf.xacro
-- Up-to-date: /home/user/ROS2_UR_manipulation_ws/install/robotnik_sensors/share/robotnik_sensors//urdf/rubedos_viper.urdf.xacro
-- Up-to-date: /home/user/ROS2_UR_manipulation_ws/install/robotnik_sensors/share/robotnik_sensors//urdf/rslidar.urdf.xacro
-- Up-to-date: /home/user/ROS2_UR_manipulation_ws/install/robotnik_sensors/share/robotnik_sensors//urdf/rplidar_a2.urdf.xacro
-- Up-to-date: /home/user/ROS2_UR_manipulation_ws/install/robotnik_sensors/share/robotnik_sensors//urdf/sick_tim551.urdf.xacro
-- Up-to-date: /home/user/ROS2_UR_manipulation_ws/install/robotnik_sensors/share/robotnik_sensors//urdf/rslidar_mems.urdf.xacro
-- Up-to-date: /home/user/ROS2_UR_manipulation_ws/install/robotnik_sensors/share/robotnik_sensors//urdf/all_sensors.urdf.xacro
-- Up-to-date: /home/user/ROS2_UR_manipulation_ws/install/robotnik_sensors/share/robotnik_sensors//urdf/fotonic_e.urdf.xacro
-- Up-to-date: /home/user/ROS2_UR_manipulation_ws/install/robotnik_sensors/share/robotnik_sensors//urdf/axis.urdf.xacro
-- Up-to-date: /home/user/ROS2_UR_manipulation_ws/install/robotnik_sensors/share/robotnik_sensors//urdf/kinectv2.urdf.xacro
-- Up-to-date: /home/user/ROS2_UR_manipulation_ws/install/robotnik_sensors/share/robotnik_sensors//urdf/orbbec_astra.urdf.xacro
-- Up-to-date: /home/user/ROS2_UR_manipulation_ws/install/robotnik_sensors/share/robotnik_sensors//urdf/sick_s300.urdf.xacro
-- Up-to-date: /home/user/ROS2_UR_manipulation_ws/install/robotnik_sensors/share/robotnik_sensors//urdf/embedded_s.urdf.xacro
-- Up-to-date: /home/user/ROS2_UR_manipulation_ws/install/robotnik_sensors/share/robotnik_sensors//urdf/axis_q8641.urdf.xacro
-- Up-to-date: /home/user/ROS2_UR_manipulation_ws/install/robotnik_sensors/share/robotnik_sensors//urdf/sick_s3000.urdf.xacro
-- Up-to-date: /home/user/ROS2_UR_manipulation_ws/install/robotnik_sensors/share/robotnik_sensors//urdf/pantilt.urdf.xacro
-- Up-to-date: /home/user/ROS2_UR_manipulation_ws/install/robotnik_sensors/share/robotnik_sensors//urdf/gps_with_mast.urdf.xacro
-- Up-to-date: /home/user/ROS2_UR_manipulation_ws/install/robotnik_sensors/share/robotnik_sensors//urdf/yujin_yrl.urdf.xacro
-- Up-to-date: /home/user/ROS2_UR_manipulation_ws/install/robotnik_sensors/share/robotnik_sensors//urdf/imu_hector_plugin.urdf.xacro
-- Up-to-date: /home/user/ROS2_UR_manipulation_ws/install/robotnik_sensors/share/robotnik_sensors//urdf/utils
-- Up-to-date: /home/user/ROS2_UR_manipulation_ws/install/robotnik_sensors/share/robotnik_sensors//urdf/utils/inertia.urdf.xacro
-- Up-to-date: /home/user/ROS2_UR_manipulation_ws/install/robotnik_sensors/share/robotnik_sensors//urdf/rplidar.urdf.xacro
-- Up-to-date: /home/user/ROS2_UR_manipulation_ws/install/robotnik_sensors/share/robotnik_sensors//urdf/sick_outdoorscan3.urdf.xacro
-- Up-to-date: /home/user/ROS2_UR_manipulation_ws/install/robotnik_sensors/share/robotnik_sensors//urdf/flir_ax8.urdf.xacro
-- Up-to-date: /home/user/ROS2_UR_manipulation_ws/install/robotnik_sensors/share/robotnik_sensors//urdf/imu.urdf.xacro
-- Up-to-date: /home/user/ROS2_UR_manipulation_ws/install/robotnik_sensors/share/robotnik_sensors//urdf/sick_nanoscan3.urdf.xacro
-- Up-to-date: /home/user/ROS2_UR_manipulation_ws/install/robotnik_sensors/share/robotnik_sensors//urdf/benewake_ce30d.urdf.xacro
-- Up-to-date: /home/user/ROS2_UR_manipulation_ws/install/robotnik_sensors/share/robotnik_sensors//urdf/asus_xtion_pro.urdf.xacro
-- Up-to-date: /home/user/ROS2_UR_manipulation_ws/install/robotnik_sensors/share/robotnik_sensors//urdf/ouster1.urdf.xacro
-- Up-to-date: /home/user/ROS2_UR_manipulation_ws/install/robotnik_sensors/share/robotnik_sensors//urdf/ueye_cp_gige.urdf.xacro
-- Up-to-date: /home/user/ROS2_UR_manipulation_ws/install/robotnik_sensors/share/robotnik_sensors//urdf/zed2.urdf.xacro
-- Up-to-date: /home/user/ROS2_UR_manipulation_ws/install/robotnik_sensors/share/robotnik_sensors//urdf/hokuyo_ust10lx.urdf.xacro
-- Up-to-date: /home/user/ROS2_UR_manipulation_ws/install/robotnik_sensors/share/robotnik_sensors//urdf/hokuyo3d.urdf.xacro
-- Up-to-date: /home/user/ROS2_UR_manipulation_ws/install/robotnik_sensors/share/robotnik_sensors//urdf/ydlidar_4f.urdf.xacro
-- Up-to-date: /home/user/ROS2_UR_manipulation_ws/install/robotnik_sensors/share/robotnik_sensors//urdf/hokuyo_utm30lx.urdf.xacro
-- Up-to-date: /home/user/ROS2_UR_manipulation_ws/install/robotnik_sensors/share/robotnik_sensors//urdf/lidar_mast.urdf.xacro
-- Up-to-date: /home/user/ROS2_UR_manipulation_ws/install/robotnik_sensors/share/robotnik_sensors//urdf/axis_m5525.urdf.xacro
-- Up-to-date: /home/user/ROS2_UR_manipulation_ws/install/robotnik_sensors/share/robotnik_sensors//urdf/benewake_ce30.urdf.xacro
-- Up-to-date: /home/user/ROS2_UR_manipulation_ws/install/robotnik_sensors/share/robotnik_sensors//urdf/hokuyo_urg04lx.urdf.xacro
-- Up-to-date: /home/user/ROS2_UR_manipulation_ws/install/robotnik_sensors/share/robotnik_sensors//urdf/azure_kinect.urdf.xacro
-- Up-to-date: /home/user/ROS2_UR_manipulation_ws/install/robotnik_sensors/share/robotnik_sensors//urdf/zed.urdf.xacro
-- Up-to-date: /home/user/ROS2_UR_manipulation_ws/install/robotnik_sensors/share/robotnik_sensors//urdf/axis_m5013.urdf.xacro
-- Up-to-date: /home/user/ROS2_UR_manipulation_ws/install/robotnik_sensors/share/robotnik_sensors//urdf/hokuyo_ust20lx.urdf.xacro
-- Up-to-date: /home/user/ROS2_UR_manipulation_ws/install/robotnik_sensors/share/robotnik_sensors//urdf/sick_tim571.urdf.xacro
-- Up-to-date: /home/user/ROS2_UR_manipulation_ws/install/robotnik_sensors/share/robotnik_sensors//urdf/sick_mls.urdf.xacro
-- Up-to-date: /home/user/ROS2_UR_manipulation_ws/install/robotnik_sensors/share/robotnik_sensors//urdf/rs_bpearl.urdf.xacro
