[0.145s] Invoking command in '/home/user/ROS2_UR_manipulation_ws/build/robotnik_sensors': CMAKE_PREFIX_PATH=${CMAKE_PREFIX_PATH}:/home/user/ROS2_rUBot_tutorial_ws/install/ros2_tutorial:/home/user/ROS2_rUBot_tutorial_ws/install/ros2_move_turtle:/home/user/ROS2_rUBot_mecanum_ws/install/my_robot_driver:/home/user/ROS2_rUBot_mecanum_ws/install/my_robot_nav_control:/home/user/ROS2_rUBot_mecanum_ws/install/my_robot_control:/home/user/ROS2_rUBot_mecanum_ws/install/my_robot_ai_identification:/home/simulations/ros2_sims_ws/install/rclrs_tests:/home/simulations/ros2_sims_ws/install/examples_rclrs_minimal_client_service:/home/simulations/ros2_sims_ws/install/sensor_msgs_py:/home/simulations/ros2_sims_ws/install/examples_rclrs_minimal_pub_sub:/home/simulations/ros2_sims_ws/install/examples_rclrs_message_demo:/home/simulations/ros2_sims_ws/install/rclrs:/home/simulations/ros2_sims_ws/install/rosidl_runtime_rs:/opt/ros/humble _=/usr/bin/env /usr/bin/cmake --build /home/user/ROS2_UR_manipulation_ws/build/robotnik_sensors -- -j8 -l8
[3.490s] Invoked command in '/home/user/ROS2_UR_manipulation_ws/build/robotnik_sensors' returned '0': CMAKE_PREFIX_PATH=${CMAKE_PREFIX_PATH}:/home/user/ROS2_rUBot_tutorial_ws/install/ros2_tutorial:/home/user/ROS2_rUBot_tutorial_ws/install/ros2_move_turtle:/home/user/ROS2_rUBot_mecanum_ws/install/my_robot_driver:/home/user/ROS2_rUBot_mecanum_ws/install/my_robot_nav_control:/home/user/ROS2_rUBot_mecanum_ws/install/my_robot_control:/home/user/ROS2_rUBot_mecanum_ws/install/my_robot_ai_identification:/home/simulations/ros2_sims_ws/install/rclrs_tests:/home/simulations/ros2_sims_ws/install/examples_rclrs_minimal_client_service:/home/simulations/ros2_sims_ws/install/sensor_msgs_py:/home/simulations/ros2_sims_ws/install/examples_rclrs_minimal_pub_sub:/home/simulations/ros2_sims_ws/install/examples_rclrs_message_demo:/home/simulations/ros2_sims_ws/install/rclrs:/home/simulations/ros2_sims_ws/install/rosidl_runtime_rs:/opt/ros/humble _=/usr/bin/env /usr/bin/cmake --build /home/user/ROS2_UR_manipulation_ws/build/robotnik_sensors -- -j8 -l8
[3.567s] Invoking command in '/home/user/ROS2_UR_manipulation_ws/build/robotnik_sensors': CMAKE_PREFIX_PATH=${CMAKE_PREFIX_PATH}:/home/user/ROS2_rUBot_tutorial_ws/install/ros2_tutorial:/home/user/ROS2_rUBot_tutorial_ws/install/ros2_move_turtle:/home/user/ROS2_rUBot_mecanum_ws/install/my_robot_driver:/home/user/ROS2_rUBot_mecanum_ws/install/my_robot_nav_control:/home/user/ROS2_rUBot_mecanum_ws/install/my_robot_control:/home/user/ROS2_rUBot_mecanum_ws/install/my_robot_ai_identification:/home/simulations/ros2_sims_ws/install/rclrs_tests:/home/simulations/ros2_sims_ws/install/examples_rclrs_minimal_client_service:/home/simulations/ros2_sims_ws/install/sensor_msgs_py:/home/simulations/ros2_sims_ws/install/examples_rclrs_minimal_pub_sub:/home/simulations/ros2_sims_ws/install/examples_rclrs_message_demo:/home/simulations/ros2_sims_ws/install/rclrs:/home/simulations/ros2_sims_ws/install/rosidl_runtime_rs:/opt/ros/humble _=/usr/bin/env /usr/bin/cmake --install /home/user/ROS2_UR_manipulation_ws/build/robotnik_sensors
[3.592s] -- Install configuration: ""
[3.592s] -- Up-to-date: /home/user/ROS2_UR_manipulation_ws/install/robotnik_sensors/share/ament_index/resource_index/package_run_dependencies/robotnik_sensors
[3.592s] -- Up-to-date: /home/user/ROS2_UR_manipulation_ws/install/robotnik_sensors/share/ament_index/resource_index/parent_prefix_path/robotnik_sensors
[3.592s] -- Up-to-date: /home/user/ROS2_UR_manipulation_ws/install/robotnik_sensors/share/robotnik_sensors/environment/ament_prefix_path.sh
[3.592s] -- Up-to-date: /home/user/ROS2_UR_manipulation_ws/install/robotnik_sensors/share/robotnik_sensors/environment/ament_prefix_path.dsv
[3.592s] -- Up-to-date: /home/user/ROS2_UR_manipulation_ws/install/robotnik_sensors/share/robotnik_sensors/environment/path.sh
[3.593s] -- Up-to-date: /home/user/ROS2_UR_manipulation_ws/install/robotnik_sensors/share/robotnik_sensors/environment/path.dsv
[3.593s] -- Up-to-date: /home/user/ROS2_UR_manipulation_ws/install/robotnik_sensors/share/robotnik_sensors/local_setup.bash
[3.594s] -- Up-to-date: /home/user/ROS2_UR_manipulation_ws/install/robotnik_sensors/share/robotnik_sensors/local_setup.sh
[3.594s] -- Up-to-date: /home/user/ROS2_UR_manipulation_ws/install/robotnik_sensors/share/robotnik_sensors/local_setup.zsh
[3.594s] -- Up-to-date: /home/user/ROS2_UR_manipulation_ws/install/robotnik_sensors/share/robotnik_sensors/local_setup.dsv
[3.594s] -- Installing: /home/user/ROS2_UR_manipulation_ws/install/robotnik_sensors/share/robotnik_sensors/package.dsv
[3.598s] -- Up-to-date: /home/user/ROS2_UR_manipulation_ws/install/robotnik_sensors/share/ament_index/resource_index/packages/robotnik_sensors
[3.598s] -- Up-to-date: /home/user/ROS2_UR_manipulation_ws/install/robotnik_sensors/share/robotnik_sensors/cmake/robotnik_sensorsConfig.cmake
[3.598s] -- Up-to-date: /home/user/ROS2_UR_manipulation_ws/install/robotnik_sensors/share/robotnik_sensors/cmake/robotnik_sensorsConfig-version.cmake
[3.598s] -- Up-to-date: /home/user/ROS2_UR_manipulation_ws/install/robotnik_sensors/share/robotnik_sensors/package.xml
[3.598s] -- Up-to-date: /home/user/ROS2_UR_manipulation_ws/install/robotnik_sensors/share/robotnik_sensors//meshes
[3.599s] -- Up-to-date: /home/user/ROS2_UR_manipulation_ws/install/robotnik_sensors/share/robotnik_sensors//meshes/kinectv2.dae
[3.599s] -- Up-to-date: /home/user/ROS2_UR_manipulation_ws/install/robotnik_sensors/share/robotnik_sensors//meshes/sick_outdoorscan3.stl
[3.599s] -- Up-to-date: /home/user/ROS2_UR_manipulation_ws/install/robotnik_sensors/share/robotnik_sensors//meshes/orbbec_astra.stl
[3.601s] -- Up-to-date: /home/user/ROS2_UR_manipulation_ws/install/robotnik_sensors/share/robotnik_sensors//meshes/intel_d435_color.dae
[3.601s] -- Up-to-date: /home/user/ROS2_UR_manipulation_ws/install/robotnik_sensors/share/robotnik_sensors//meshes/asus_xtion_pro_live.dae
[3.601s] -- Up-to-date: /home/user/ROS2_UR_manipulation_ws/install/robotnik_sensors/share/robotnik_sensors//meshes/axis_q8641_n2-1.STL
[3.601s] -- Up-to-date: /home/user/ROS2_UR_manipulation_ws/install/robotnik_sensors/share/robotnik_sensors//meshes/kinect.jpg
[3.601s] -- Up-to-date: /home/user/ROS2_UR_manipulation_ws/install/robotnik_sensors/share/robotnik_sensors//meshes/sick_tim571.dae
[3.601s] -- Up-to-date: /home/user/ROS2_UR_manipulation_ws/install/robotnik_sensors/share/robotnik_sensors//meshes/orbbec_astra_embedded_s.stl
[3.601s] -- Up-to-date: /home/user/ROS2_UR_manipulation_ws/install/robotnik_sensors/share/robotnik_sensors//meshes/antenna_3GO16.stl
[3.601s] -- Up-to-date: /home/user/ROS2_UR_manipulation_ws/install/robotnik_sensors/share/robotnik_sensors//meshes/zedm.stl
[3.601s] -- Up-to-date: /home/user/ROS2_UR_manipulation_ws/install/robotnik_sensors/share/robotnik_sensors//meshes/sick_mls.stl
[3.601s] -- Up-to-date: /home/user/ROS2_UR_manipulation_ws/install/robotnik_sensors/share/robotnik_sensors//meshes/yujin_yrl.stl
[3.601s] -- Up-to-date: /home/user/ROS2_UR_manipulation_ws/install/robotnik_sensors/share/robotnik_sensors//meshes/axis_q8641_n1-1.STL
[3.603s] -- Up-to-date: /home/user/ROS2_UR_manipulation_ws/install/robotnik_sensors/share/robotnik_sensors//meshes/antenna_ANN_MB.stl
[3.603s] -- Up-to-date: /home/user/ROS2_UR_manipulation_ws/install/robotnik_sensors/share/robotnik_sensors//meshes/sick_s300.stl
[3.603s] -- Up-to-date: /home/user/ROS2_UR_manipulation_ws/install/robotnik_sensors/share/robotnik_sensors//meshes/asus_xtion_pro_live.png
[3.603s] -- Up-to-date: /home/user/ROS2_UR_manipulation_ws/install/robotnik_sensors/share/robotnik_sensors//meshes/sick_s300.png
[3.603s] -- Up-to-date: /home/user/ROS2_UR_manipulation_ws/install/robotnik_sensors/share/robotnik_sensors//meshes/sick_tim551.dae
[3.603s] -- Up-to-date: /home/user/ROS2_UR_manipulation_ws/install/robotnik_sensors/share/robotnik_sensors//meshes/zed.stl
[3.603s] -- Up-to-date: /home/user/ROS2_UR_manipulation_ws/install/robotnik_sensors/share/robotnik_sensors//meshes/hokuyo.png
[3.603s] -- Up-to-date: /home/user/ROS2_UR_manipulation_ws/install/robotnik_sensors/share/robotnik_sensors//meshes/viper.dae
[3.603s] -- Up-to-date: /home/user/ROS2_UR_manipulation_ws/install/robotnik_sensors/share/robotnik_sensors//meshes/rs_bpearl.stl
[3.605s] -- Up-to-date: /home/user/ROS2_UR_manipulation_ws/install/robotnik_sensors/share/robotnik_sensors//meshes/intel_d435.png
[3.605s] -- Up-to-date: /home/user/ROS2_UR_manipulation_ws/install/robotnik_sensors/share/robotnik_sensors//meshes/kinect.dae
[3.605s] -- Up-to-date: /home/user/ROS2_UR_manipulation_ws/install/robotnik_sensors/share/robotnik_sensors//meshes/orbbec_astra_embedded_s.dae
[3.605s] -- Up-to-date: /home/user/ROS2_UR_manipulation_ws/install/robotnik_sensors/share/robotnik_sensors//meshes/sick_tim551.stl
[3.607s] -- Up-to-date: /home/user/ROS2_UR_manipulation_ws/install/robotnik_sensors/share/robotnik_sensors//meshes/sick_tim571.stl
[3.608s] -- Up-to-date: /home/user/ROS2_UR_manipulation_ws/install/robotnik_sensors/share/robotnik_sensors//meshes/axis_p5512.dae
[3.608s] -- Up-to-date: /home/user/ROS2_UR_manipulation_ws/install/robotnik_sensors/share/robotnik_sensors//meshes/hokuyo_utm_30lx.dae
[3.608s] -- Up-to-date: /home/user/ROS2_UR_manipulation_ws/install/robotnik_sensors/share/robotnik_sensors//meshes/pointgrey_bumblebee2.dae
[3.608s] -- Up-to-date: /home/user/ROS2_UR_manipulation_ws/install/robotnik_sensors/share/robotnik_sensors//meshes/hokuyo3d.dae
[3.608s] -- Up-to-date: /home/user/ROS2_UR_manipulation_ws/install/robotnik_sensors/share/robotnik_sensors//meshes/axis_p5514.dae
[3.609s] -- Up-to-date: /home/user/ROS2_UR_manipulation_ws/install/robotnik_sensors/share/robotnik_sensors//meshes/rplidar_a2.stl
[3.609s] -- Up-to-date: /home/user/ROS2_UR_manipulation_ws/install/robotnik_sensors/share/robotnik_sensors//meshes/ueye_cp_gige.stl
[3.609s] -- Up-to-date: /home/user/ROS2_UR_manipulation_ws/install/robotnik_sensors/share/robotnik_sensors//meshes/hokuyo_ust_20lx.dae
[3.609s] -- Up-to-date: /home/user/ROS2_UR_manipulation_ws/install/robotnik_sensors/share/robotnik_sensors//meshes/axis_m5525.dae
[3.609s] -- Up-to-date: /home/user/ROS2_UR_manipulation_ws/install/robotnik_sensors/share/robotnik_sensors//meshes/benewake_ce30d.stl
[3.609s] -- Up-to-date: /home/user/ROS2_UR_manipulation_ws/install/robotnik_sensors/share/robotnik_sensors//meshes/hokuyo3d.jpg
[3.609s] -- Up-to-date: /home/user/ROS2_UR_manipulation_ws/install/robotnik_sensors/share/robotnik_sensors//meshes/viper.stl
[3.609s] -- Up-to-date: /home/user/ROS2_UR_manipulation_ws/install/robotnik_sensors/share/robotnik_sensors//meshes/intel_r430.stl
[3.611s] -- Up-to-date: /home/user/ROS2_UR_manipulation_ws/install/robotnik_sensors/share/robotnik_sensors//meshes/teraranger_tr_duo.stl
[3.612s] -- Up-to-date: /home/user/ROS2_UR_manipulation_ws/install/robotnik_sensors/share/robotnik_sensors//meshes/sick_microscan3.stl
[3.612s] -- Up-to-date: /home/user/ROS2_UR_manipulation_ws/install/robotnik_sensors/share/robotnik_sensors//meshes/hokuyo_urg_04lx.dae
[3.612s] -- Up-to-date: /home/user/ROS2_UR_manipulation_ws/install/robotnik_sensors/share/robotnik_sensors//meshes/intel_d435.dae
[3.612s] -- Up-to-date: /home/user/ROS2_UR_manipulation_ws/install/robotnik_sensors/share/robotnik_sensors//meshes/kinectv2_nobase.dae
[3.612s] -- Up-to-date: /home/user/ROS2_UR_manipulation_ws/install/robotnik_sensors/share/robotnik_sensors//meshes/rplidar.dae
[3.612s] -- Up-to-date: /home/user/ROS2_UR_manipulation_ws/install/robotnik_sensors/share/robotnik_sensors//meshes/hokuyo3d.stl
[3.612s] -- Up-to-date: /home/user/ROS2_UR_manipulation_ws/install/robotnik_sensors/share/robotnik_sensors//meshes/axis_p5514.stl
[3.613s] -- Up-to-date: /home/user/ROS2_UR_manipulation_ws/install/robotnik_sensors/share/robotnik_sensors//meshes/zed2.stl
[3.613s] -- Up-to-date: /home/user/ROS2_UR_manipulation_ws/install/robotnik_sensors/share/robotnik_sensors//meshes/teraranger_tr_duo.dae
[3.613s] -- Up-to-date: /home/user/ROS2_UR_manipulation_ws/install/robotnik_sensors/share/robotnik_sensors//meshes/rplidar_a2.dae
[3.613s] -- Up-to-date: /home/user/ROS2_UR_manipulation_ws/install/robotnik_sensors/share/robotnik_sensors//meshes/rslidar.dae
[3.613s] -- Up-to-date: /home/user/ROS2_UR_manipulation_ws/install/robotnik_sensors/share/robotnik_sensors//meshes/hokuyo_ust_10lx.dae
[3.613s] -- Up-to-date: /home/user/ROS2_UR_manipulation_ws/install/robotnik_sensors/share/robotnik_sensors//meshes/sick_outdoorscan3.dae
[3.613s] -- Up-to-date: /home/user/ROS2_UR_manipulation_ws/install/robotnik_sensors/share/robotnik_sensors//meshes/lidar_mast.STL
[3.613s] -- Up-to-date: /home/user/ROS2_UR_manipulation_ws/install/robotnik_sensors/share/robotnik_sensors//meshes/hokuyo_urg_04lx.stl
[3.613s] -- Up-to-date: /home/user/ROS2_UR_manipulation_ws/install/robotnik_sensors/share/robotnik_sensors//meshes/ueye_cp_gige.dae
[3.627s] -- Up-to-date: /home/user/ROS2_UR_manipulation_ws/install/robotnik_sensors/share/robotnik_sensors//meshes/rs_bpearl.dae
[3.627s] -- Up-to-date: /home/user/ROS2_UR_manipulation_ws/install/robotnik_sensors/share/robotnik_sensors//meshes/axis_m5013.stl
[3.627s] -- Up-to-date: /home/user/ROS2_UR_manipulation_ws/install/robotnik_sensors/share/robotnik_sensors//meshes/sick_s300_color.dae
[3.627s] -- Up-to-date: /home/user/ROS2_UR_manipulation_ws/install/robotnik_sensors/share/robotnik_sensors//meshes/axis_m5013.dae
[3.628s] -- Up-to-date: /home/user/ROS2_UR_manipulation_ws/install/robotnik_sensors/share/robotnik_sensors//meshes/orbbec_astra.dae
[3.628s] -- Up-to-date: /home/user/ROS2_UR_manipulation_ws/install/robotnik_sensors/share/robotnik_sensors//meshes/benewake_ce30d.dae
[3.628s] -- Up-to-date: /home/user/ROS2_UR_manipulation_ws/install/robotnik_sensors/share/robotnik_sensors//meshes/rslidar.stl
[3.630s] -- Up-to-date: /home/user/ROS2_UR_manipulation_ws/install/robotnik_sensors/share/robotnik_sensors//meshes/sick_microscan3.dae
[3.630s] -- Up-to-date: /home/user/ROS2_UR_manipulation_ws/install/robotnik_sensors/share/robotnik_sensors//meshes/sick_s3000.stl
[3.630s] -- Up-to-date: /home/user/ROS2_UR_manipulation_ws/install/robotnik_sensors/share/robotnik_sensors//meshes/ydlidar_4f.dae
[3.630s] -- Up-to-date: /home/user/ROS2_UR_manipulation_ws/install/robotnik_sensors/share/robotnik_sensors//meshes/sick_s300.dae
[3.631s] -- Up-to-date: /home/user/ROS2_UR_manipulation_ws/install/robotnik_sensors/share/robotnik_sensors//meshes/velodyne_vlp16.stl
[3.631s] -- Up-to-date: /home/user/ROS2_UR_manipulation_ws/install/robotnik_sensors/share/robotnik_sensors//meshes/intel_d435.stl
[3.631s] -- Up-to-date: /home/user/ROS2_UR_manipulation_ws/install/robotnik_sensors/share/robotnik_sensors//meshes/fotonic_e.stl
[3.631s] -- Up-to-date: /home/user/ROS2_UR_manipulation_ws/install/robotnik_sensors/share/robotnik_sensors//meshes/intel_r430.dae
[3.631s] -- Up-to-date: /home/user/ROS2_UR_manipulation_ws/install/robotnik_sensors/share/robotnik_sensors//meshes/axis_m5525.stl
[3.639s] -- Up-to-date: /home/user/ROS2_UR_manipulation_ws/install/robotnik_sensors/share/robotnik_sensors//meshes/camera_axis_q8641.STL
[3.639s] -- Up-to-date: /home/user/ROS2_UR_manipulation_ws/install/robotnik_sensors/share/robotnik_sensors//meshes/kinect.tga
[3.639s] -- Up-to-date: /home/user/ROS2_UR_manipulation_ws/install/robotnik_sensors/share/robotnik_sensors//meshes/hokuyo_utm_30lx.stl
[3.640s] -- Up-to-date: /home/user/ROS2_UR_manipulation_ws/install/robotnik_sensors/share/robotnik_sensors//meshes/sick_s3000.dae
[3.640s] -- Up-to-date: /home/user/ROS2_UR_manipulation_ws/install/robotnik_sensors/share/robotnik_sensors//meshes/rslidar_mems.stl
[3.640s] -- Up-to-date: /home/user/ROS2_UR_manipulation_ws/install/robotnik_sensors/share/robotnik_sensors//meshes/vectornav_vn100.stl
[3.641s] -- Up-to-date: /home/user/ROS2_UR_manipulation_ws/install/robotnik_sensors/share/robotnik_sensors//meshes/kinectv2.stl
[3.641s] -- Up-to-date: /home/user/ROS2_UR_manipulation_ws/install/robotnik_sensors/share/robotnik_sensors//meshes/axis_p5512.stl
[3.641s] -- Up-to-date: /home/user/ROS2_UR_manipulation_ws/install/robotnik_sensors/share/robotnik_sensors//meshes/antenna_3GO16.dae
[3.641s] -- Up-to-date: /home/user/ROS2_UR_manipulation_ws/install/robotnik_sensors/share/robotnik_sensors//meshes/ouster1.STL
[3.641s] -- Up-to-date: /home/user/ROS2_UR_manipulation_ws/install/robotnik_sensors/share/robotnik_sensors//meshes/velodyne_vlp16.dae
[3.641s] -- Up-to-date: /home/user/ROS2_UR_manipulation_ws/install/robotnik_sensors/share/robotnik_sensors//meshes/kinectv2_nobase.stl
[3.641s] -- Up-to-date: /home/user/ROS2_UR_manipulation_ws/install/robotnik_sensors/share/robotnik_sensors//meshes/benewake_ce30.stl
[3.641s] -- Up-to-date: /home/user/ROS2_UR_manipulation_ws/install/robotnik_sensors/share/robotnik_sensors//meshes/sick_nanoscan3.stl
[3.641s] -- Up-to-date: /home/user/ROS2_UR_manipulation_ws/install/robotnik_sensors/share/robotnik_sensors//meshes/ydlidar_4f.png
[3.642s] -- Up-to-date: /home/user/ROS2_UR_manipulation_ws/install/robotnik_sensors/share/robotnik_sensors//urdf
[3.642s] -- Up-to-date: /home/user/ROS2_UR_manipulation_ws/install/robotnik_sensors/share/robotnik_sensors//urdf/sick_microscan3.urdf.xacro
[3.642s] -- Up-to-date: /home/user/ROS2_UR_manipulation_ws/install/robotnik_sensors/share/robotnik_sensors//urdf/pointgrey_bumblebee2.urdf.xacro
[3.642s] -- Up-to-date: /home/user/ROS2_UR_manipulation_ws/install/robotnik_sensors/share/robotnik_sensors//urdf/vectornav.urdf.xacro
[3.643s] -- Up-to-date: /home/user/ROS2_UR_manipulation_ws/install/robotnik_sensors/share/robotnik_sensors//urdf/roboteq_mgs.urdf.xacro
[3.643s] -- Up-to-date: /home/user/ROS2_UR_manipulation_ws/install/robotnik_sensors/share/robotnik_sensors//urdf/intel_d435.urdf.xacro
[3.643s] -- Up-to-date: /home/user/ROS2_UR_manipulation_ws/install/robotnik_sensors/share/robotnik_sensors//urdf/kinect.urdf.xacro
[3.643s] -- Up-to-date: /home/user/ROS2_UR_manipulation_ws/install/robotnik_sensors/share/robotnik_sensors//urdf/ublox.urdf.xacro
[3.643s] -- Up-to-date: /home/user/ROS2_UR_manipulation_ws/install/robotnik_sensors/share/robotnik_sensors//urdf/velodyne_vlp16.urdf.xacro
[3.643s] -- Up-to-date: /home/user/ROS2_UR_manipulation_ws/install/robotnik_sensors/share/robotnik_sensors//urdf/intel_r430.urdf.xacro
[3.644s] -- Up-to-date: /home/user/ROS2_UR_manipulation_ws/install/robotnik_sensors/share/robotnik_sensors//urdf/teraranger_tr_duo.urdf.xacro
[3.644s] -- Up-to-date: /home/user/ROS2_UR_manipulation_ws/install/robotnik_sensors/share/robotnik_sensors//urdf/gps.urdf.xacro
[3.644s] -- Up-to-date: /home/user/ROS2_UR_manipulation_ws/install/robotnik_sensors/share/robotnik_sensors//urdf/rubedos_viper.urdf.xacro
[3.644s] -- Up-to-date: /home/user/ROS2_UR_manipulation_ws/install/robotnik_sensors/share/robotnik_sensors//urdf/rslidar.urdf.xacro
[3.644s] -- Up-to-date: /home/user/ROS2_UR_manipulation_ws/install/robotnik_sensors/share/robotnik_sensors//urdf/rplidar_a2.urdf.xacro
[3.644s] -- Up-to-date: /home/user/ROS2_UR_manipulation_ws/install/robotnik_sensors/share/robotnik_sensors//urdf/sick_tim551.urdf.xacro
[3.644s] -- Up-to-date: /home/user/ROS2_UR_manipulation_ws/install/robotnik_sensors/share/robotnik_sensors//urdf/rslidar_mems.urdf.xacro
[3.644s] -- Up-to-date: /home/user/ROS2_UR_manipulation_ws/install/robotnik_sensors/share/robotnik_sensors//urdf/all_sensors.urdf.xacro
[3.644s] -- Up-to-date: /home/user/ROS2_UR_manipulation_ws/install/robotnik_sensors/share/robotnik_sensors//urdf/fotonic_e.urdf.xacro
[3.644s] -- Up-to-date: /home/user/ROS2_UR_manipulation_ws/install/robotnik_sensors/share/robotnik_sensors//urdf/axis.urdf.xacro
[3.645s] -- Up-to-date: /home/user/ROS2_UR_manipulation_ws/install/robotnik_sensors/share/robotnik_sensors//urdf/kinectv2.urdf.xacro
[3.645s] -- Up-to-date: /home/user/ROS2_UR_manipulation_ws/install/robotnik_sensors/share/robotnik_sensors//urdf/orbbec_astra.urdf.xacro
[3.646s] -- Up-to-date: /home/user/ROS2_UR_manipulation_ws/install/robotnik_sensors/share/robotnik_sensors//urdf/sick_s300.urdf.xacro
[3.646s] -- Up-to-date: /home/user/ROS2_UR_manipulation_ws/install/robotnik_sensors/share/robotnik_sensors//urdf/embedded_s.urdf.xacro
[3.646s] -- Up-to-date: /home/user/ROS2_UR_manipulation_ws/install/robotnik_sensors/share/robotnik_sensors//urdf/axis_q8641.urdf.xacro
[3.646s] -- Up-to-date: /home/user/ROS2_UR_manipulation_ws/install/robotnik_sensors/share/robotnik_sensors//urdf/sick_s3000.urdf.xacro
[3.646s] -- Up-to-date: /home/user/ROS2_UR_manipulation_ws/install/robotnik_sensors/share/robotnik_sensors//urdf/pantilt.urdf.xacro
[3.646s] -- Up-to-date: /home/user/ROS2_UR_manipulation_ws/install/robotnik_sensors/share/robotnik_sensors//urdf/gps_with_mast.urdf.xacro
[3.646s] -- Up-to-date: /home/user/ROS2_UR_manipulation_ws/install/robotnik_sensors/share/robotnik_sensors//urdf/yujin_yrl.urdf.xacro
[3.646s] -- Up-to-date: /home/user/ROS2_UR_manipulation_ws/install/robotnik_sensors/share/robotnik_sensors//urdf/imu_hector_plugin.urdf.xacro
[3.647s] -- Up-to-date: /home/user/ROS2_UR_manipulation_ws/install/robotnik_sensors/share/robotnik_sensors//urdf/utils
[3.648s] -- Up-to-date: /home/user/ROS2_UR_manipulation_ws/install/robotnik_sensors/share/robotnik_sensors//urdf/utils/inertia.urdf.xacro
[3.648s] -- Up-to-date: /home/user/ROS2_UR_manipulation_ws/install/robotnik_sensors/share/robotnik_sensors//urdf/rplidar.urdf.xacro
[3.648s] -- Up-to-date: /home/user/ROS2_UR_manipulation_ws/install/robotnik_sensors/share/robotnik_sensors//urdf/sick_outdoorscan3.urdf.xacro
[3.648s] -- Up-to-date: /home/user/ROS2_UR_manipulation_ws/install/robotnik_sensors/share/robotnik_sensors//urdf/flir_ax8.urdf.xacro
[3.649s] -- Up-to-date: /home/user/ROS2_UR_manipulation_ws/install/robotnik_sensors/share/robotnik_sensors//urdf/imu.urdf.xacro
[3.650s] -- Up-to-date: /home/user/ROS2_UR_manipulation_ws/install/robotnik_sensors/share/robotnik_sensors//urdf/sick_nanoscan3.urdf.xacro
[3.652s] -- Up-to-date: /home/user/ROS2_UR_manipulation_ws/install/robotnik_sensors/share/robotnik_sensors//urdf/benewake_ce30d.urdf.xacro
[3.652s] -- Up-to-date: /home/user/ROS2_UR_manipulation_ws/install/robotnik_sensors/share/robotnik_sensors//urdf/asus_xtion_pro.urdf.xacro
[3.652s] -- Up-to-date: /home/user/ROS2_UR_manipulation_ws/install/robotnik_sensors/share/robotnik_sensors//urdf/ouster1.urdf.xacro
[3.653s] -- Up-to-date: /home/user/ROS2_UR_manipulation_ws/install/robotnik_sensors/share/robotnik_sensors//urdf/ueye_cp_gige.urdf.xacro
[3.654s] -- Up-to-date: /home/user/ROS2_UR_manipulation_ws/install/robotnik_sensors/share/robotnik_sensors//urdf/zed2.urdf.xacro
[3.654s] -- Up-to-date: /home/user/ROS2_UR_manipulation_ws/install/robotnik_sensors/share/robotnik_sensors//urdf/hokuyo_ust10lx.urdf.xacro
[3.654s] -- Up-to-date: /home/user/ROS2_UR_manipulation_ws/install/robotnik_sensors/share/robotnik_sensors//urdf/hokuyo3d.urdf.xacro
[3.654s] -- Up-to-date: /home/user/ROS2_UR_manipulation_ws/install/robotnik_sensors/share/robotnik_sensors//urdf/ydlidar_4f.urdf.xacro
[3.654s] -- Up-to-date: /home/user/ROS2_UR_manipulation_ws/install/robotnik_sensors/share/robotnik_sensors//urdf/hokuyo_utm30lx.urdf.xacro
[3.655s] -- Up-to-date: /home/user/ROS2_UR_manipulation_ws/install/robotnik_sensors/share/robotnik_sensors//urdf/lidar_mast.urdf.xacro
[3.655s] -- Up-to-date: /home/user/ROS2_UR_manipulation_ws/install/robotnik_sensors/share/robotnik_sensors//urdf/axis_m5525.urdf.xacro
[3.656s] -- Up-to-date: /home/user/ROS2_UR_manipulation_ws/install/robotnik_sensors/share/robotnik_sensors//urdf/benewake_ce30.urdf.xacro
[3.656s] -- Up-to-date: /home/user/ROS2_UR_manipulation_ws/install/robotnik_sensors/share/robotnik_sensors//urdf/hokuyo_urg04lx.urdf.xacro
[3.656s] -- Up-to-date: /home/user/ROS2_UR_manipulation_ws/install/robotnik_sensors/share/robotnik_sensors//urdf/azure_kinect.urdf.xacro
[3.656s] -- Up-to-date: /home/user/ROS2_UR_manipulation_ws/install/robotnik_sensors/share/robotnik_sensors//urdf/zed.urdf.xacro
[3.657s] -- Up-to-date: /home/user/ROS2_UR_manipulation_ws/install/robotnik_sensors/share/robotnik_sensors//urdf/axis_m5013.urdf.xacro
[3.657s] -- Up-to-date: /home/user/ROS2_UR_manipulation_ws/install/robotnik_sensors/share/robotnik_sensors//urdf/hokuyo_ust20lx.urdf.xacro
[3.657s] -- Up-to-date: /home/user/ROS2_UR_manipulation_ws/install/robotnik_sensors/share/robotnik_sensors//urdf/sick_tim571.urdf.xacro
[3.657s] -- Up-to-date: /home/user/ROS2_UR_manipulation_ws/install/robotnik_sensors/share/robotnik_sensors//urdf/sick_mls.urdf.xacro
[3.657s] -- Up-to-date: /home/user/ROS2_UR_manipulation_ws/install/robotnik_sensors/share/robotnik_sensors//urdf/rs_bpearl.urdf.xacro
[3.659s] Invoked command in '/home/user/ROS2_UR_manipulation_ws/build/robotnik_sensors' returned '0': CMAKE_PREFIX_PATH=${CMAKE_PREFIX_PATH}:/home/user/ROS2_rUBot_tutorial_ws/install/ros2_tutorial:/home/user/ROS2_rUBot_tutorial_ws/install/ros2_move_turtle:/home/user/ROS2_rUBot_mecanum_ws/install/my_robot_driver:/home/user/ROS2_rUBot_mecanum_ws/install/my_robot_nav_control:/home/user/ROS2_rUBot_mecanum_ws/install/my_robot_control:/home/user/ROS2_rUBot_mecanum_ws/install/my_robot_ai_identification:/home/simulations/ros2_sims_ws/install/rclrs_tests:/home/simulations/ros2_sims_ws/install/examples_rclrs_minimal_client_service:/home/simulations/ros2_sims_ws/install/sensor_msgs_py:/home/simulations/ros2_sims_ws/install/examples_rclrs_minimal_pub_sub:/home/simulations/ros2_sims_ws/install/examples_rclrs_message_demo:/home/simulations/ros2_sims_ws/install/rclrs:/home/simulations/ros2_sims_ws/install/rosidl_runtime_rs:/opt/ros/humble _=/usr/bin/env /usr/bin/cmake --install /home/user/ROS2_UR_manipulation_ws/build/robotnik_sensors
