[0.138s] Invoking command in '/home/user/ROS2_UR_manipulation_ws/build/ur_description': CMAKE_PREFIX_PATH=${CMAKE_PREFIX_PATH}:/home/user/ROS2_rUBot_tutorial_ws/install/ros2_tutorial:/home/user/ROS2_rUBot_tutorial_ws/install/ros2_move_turtle:/home/user/ROS2_rUBot_mecanum_ws/install/my_robot_driver:/home/user/ROS2_rUBot_mecanum_ws/install/my_robot_nav_control:/home/user/ROS2_rUBot_mecanum_ws/install/my_robot_control:/home/user/ROS2_rUBot_mecanum_ws/install/my_robot_ai_identification:/home/simulations/ros2_sims_ws/install/rclrs_tests:/home/simulations/ros2_sims_ws/install/examples_rclrs_minimal_client_service:/home/simulations/ros2_sims_ws/install/sensor_msgs_py:/home/simulations/ros2_sims_ws/install/examples_rclrs_minimal_pub_sub:/home/simulations/ros2_sims_ws/install/examples_rclrs_message_demo:/home/simulations/ros2_sims_ws/install/rclrs:/home/simulations/ros2_sims_ws/install/rosidl_runtime_rs:/opt/ros/humble _=/usr/bin/env /usr/bin/cmake --build /home/user/ROS2_UR_manipulation_ws/build/ur_description -- -j8 -l8
[3.477s] Invoked command in '/home/user/ROS2_UR_manipulation_ws/build/ur_description' returned '0': CMAKE_PREFIX_PATH=${CMAKE_PREFIX_PATH}:/home/user/ROS2_rUBot_tutorial_ws/install/ros2_tutorial:/home/user/ROS2_rUBot_tutorial_ws/install/ros2_move_turtle:/home/user/ROS2_rUBot_mecanum_ws/install/my_robot_driver:/home/user/ROS2_rUBot_mecanum_ws/install/my_robot_nav_control:/home/user/ROS2_rUBot_mecanum_ws/install/my_robot_control:/home/user/ROS2_rUBot_mecanum_ws/install/my_robot_ai_identification:/home/simulations/ros2_sims_ws/install/rclrs_tests:/home/simulations/ros2_sims_ws/install/examples_rclrs_minimal_client_service:/home/simulations/ros2_sims_ws/install/sensor_msgs_py:/home/simulations/ros2_sims_ws/install/examples_rclrs_minimal_pub_sub:/home/simulations/ros2_sims_ws/install/examples_rclrs_message_demo:/home/simulations/ros2_sims_ws/install/rclrs:/home/simulations/ros2_sims_ws/install/rosidl_runtime_rs:/opt/ros/humble _=/usr/bin/env /usr/bin/cmake --build /home/user/ROS2_UR_manipulation_ws/build/ur_description -- -j8 -l8
[3.553s] Invoking command in '/home/user/ROS2_UR_manipulation_ws/build/ur_description': CMAKE_PREFIX_PATH=${CMAKE_PREFIX_PATH}:/home/user/ROS2_rUBot_tutorial_ws/install/ros2_tutorial:/home/user/ROS2_rUBot_tutorial_ws/install/ros2_move_turtle:/home/user/ROS2_rUBot_mecanum_ws/install/my_robot_driver:/home/user/ROS2_rUBot_mecanum_ws/install/my_robot_nav_control:/home/user/ROS2_rUBot_mecanum_ws/install/my_robot_control:/home/user/ROS2_rUBot_mecanum_ws/install/my_robot_ai_identification:/home/simulations/ros2_sims_ws/install/rclrs_tests:/home/simulations/ros2_sims_ws/install/examples_rclrs_minimal_client_service:/home/simulations/ros2_sims_ws/install/sensor_msgs_py:/home/simulations/ros2_sims_ws/install/examples_rclrs_minimal_pub_sub:/home/simulations/ros2_sims_ws/install/examples_rclrs_message_demo:/home/simulations/ros2_sims_ws/install/rclrs:/home/simulations/ros2_sims_ws/install/rosidl_runtime_rs:/opt/ros/humble _=/usr/bin/env /usr/bin/cmake --install /home/user/ROS2_UR_manipulation_ws/build/ur_description
[3.567s] -- Install configuration: ""
[3.568s] -- Up-to-date: /home/user/ROS2_UR_manipulation_ws/install/ur_description/share/ur_description/config
[3.570s] -- Up-to-date: /home/user/ROS2_UR_manipulation_ws/install/ur_description/share/ur_description/config/ur16e
[3.571s] -- Up-to-date: /home/user/ROS2_UR_manipulation_ws/install/ur_description/share/ur_description/config/ur16e/visual_parameters.yaml
[3.572s] -- Up-to-date: /home/user/ROS2_UR_manipulation_ws/install/ur_description/share/ur_description/config/ur16e/default_kinematics.yaml
[3.572s] -- Up-to-date: /home/user/ROS2_UR_manipulation_ws/install/ur_description/share/ur_description/config/ur16e/joint_limits.yaml
[3.572s] -- Up-to-date: /home/user/ROS2_UR_manipulation_ws/install/ur_description/share/ur_description/config/ur16e/physical_parameters.yaml
[3.573s] -- Up-to-date: /home/user/ROS2_UR_manipulation_ws/install/ur_description/share/ur_description/config/ur10e
[3.573s] -- Up-to-date: /home/user/ROS2_UR_manipulation_ws/install/ur_description/share/ur_description/config/ur10e/visual_parameters.yaml
[3.574s] -- Up-to-date: /home/user/ROS2_UR_manipulation_ws/install/ur_description/share/ur_description/config/ur10e/default_kinematics.yaml
[3.577s] -- Up-to-date: /home/user/ROS2_UR_manipulation_ws/install/ur_description/share/ur_description/config/ur10e/joint_limits.yaml
[3.577s] -- Up-to-date: /home/user/ROS2_UR_manipulation_ws/install/ur_description/share/ur_description/config/ur10e/physical_parameters.yaml
[3.578s] -- Up-to-date: /home/user/ROS2_UR_manipulation_ws/install/ur_description/share/ur_description/config/ur3
[3.578s] -- Up-to-date: /home/user/ROS2_UR_manipulation_ws/install/ur_description/share/ur_description/config/ur3/visual_parameters.yaml
[3.578s] -- Up-to-date: /home/user/ROS2_UR_manipulation_ws/install/ur_description/share/ur_description/config/ur3/default_kinematics.yaml
[3.578s] -- Up-to-date: /home/user/ROS2_UR_manipulation_ws/install/ur_description/share/ur_description/config/ur3/joint_limits.yaml
[3.578s] -- Up-to-date: /home/user/ROS2_UR_manipulation_ws/install/ur_description/share/ur_description/config/ur3/physical_parameters.yaml
[3.578s] -- Up-to-date: /home/user/ROS2_UR_manipulation_ws/install/ur_description/share/ur_description/config/ur5
[3.578s] -- Up-to-date: /home/user/ROS2_UR_manipulation_ws/install/ur_description/share/ur_description/config/ur5/visual_parameters.yaml
[3.578s] -- Up-to-date: /home/user/ROS2_UR_manipulation_ws/install/ur_description/share/ur_description/config/ur5/default_kinematics.yaml
[3.578s] -- Up-to-date: /home/user/ROS2_UR_manipulation_ws/install/ur_description/share/ur_description/config/ur5/joint_limits.yaml
[3.578s] -- Up-to-date: /home/user/ROS2_UR_manipulation_ws/install/ur_description/share/ur_description/config/ur5/physical_parameters.yaml
[3.579s] -- Up-to-date: /home/user/ROS2_UR_manipulation_ws/install/ur_description/share/ur_description/config/ur10
[3.579s] -- Up-to-date: /home/user/ROS2_UR_manipulation_ws/install/ur_description/share/ur_description/config/ur10/visual_parameters.yaml
[3.579s] -- Up-to-date: /home/user/ROS2_UR_manipulation_ws/install/ur_description/share/ur_description/config/ur10/default_kinematics.yaml
[3.579s] -- Up-to-date: /home/user/ROS2_UR_manipulation_ws/install/ur_description/share/ur_description/config/ur10/joint_limits.yaml
[3.579s] -- Up-to-date: /home/user/ROS2_UR_manipulation_ws/install/ur_description/share/ur_description/config/ur10/physical_parameters.yaml
[3.579s] -- Up-to-date: /home/user/ROS2_UR_manipulation_ws/install/ur_description/share/ur_description/config/ur5e
[3.579s] -- Up-to-date: /home/user/ROS2_UR_manipulation_ws/install/ur_description/share/ur_description/config/ur5e/visual_parameters.yaml
[3.579s] -- Up-to-date: /home/user/ROS2_UR_manipulation_ws/install/ur_description/share/ur_description/config/ur5e/default_kinematics.yaml
[3.579s] -- Up-to-date: /home/user/ROS2_UR_manipulation_ws/install/ur_description/share/ur_description/config/ur5e/joint_limits.yaml
[3.579s] -- Up-to-date: /home/user/ROS2_UR_manipulation_ws/install/ur_description/share/ur_description/config/ur5e/physical_parameters.yaml
[3.579s] -- Up-to-date: /home/user/ROS2_UR_manipulation_ws/install/ur_description/share/ur_description/config/initial_positions.yaml
[3.580s] -- Up-to-date: /home/user/ROS2_UR_manipulation_ws/install/ur_description/share/ur_description/config/ur3e
[3.580s] -- Up-to-date: /home/user/ROS2_UR_manipulation_ws/install/ur_description/share/ur_description/config/ur3e/visual_parameters.yaml
[3.580s] -- Up-to-date: /home/user/ROS2_UR_manipulation_ws/install/ur_description/share/ur_description/config/ur3e/default_kinematics.yaml
[3.580s] -- Up-to-date: /home/user/ROS2_UR_manipulation_ws/install/ur_description/share/ur_description/config/ur3e/joint_limits.yaml
[3.580s] -- Up-to-date: /home/user/ROS2_UR_manipulation_ws/install/ur_description/share/ur_description/config/ur3e/physical_parameters.yaml
[3.580s] -- Up-to-date: /home/user/ROS2_UR_manipulation_ws/install/ur_description/share/ur_description/launch
[3.581s] -- Up-to-date: /home/user/ROS2_UR_manipulation_ws/install/ur_description/share/ur_description/launch/view_ur.launch.py
[3.581s] -- Up-to-date: /home/user/ROS2_UR_manipulation_ws/install/ur_description/share/ur_description/meshes
[3.581s] -- Up-to-date: /home/user/ROS2_UR_manipulation_ws/install/ur_description/share/ur_description/meshes/ur16e
[3.581s] -- Up-to-date: /home/user/ROS2_UR_manipulation_ws/install/ur_description/share/ur_description/meshes/ur16e/collision
[3.581s] -- Up-to-date: /home/user/ROS2_UR_manipulation_ws/install/ur_description/share/ur_description/meshes/ur16e/collision/upperarm.stl
[3.582s] -- Up-to-date: /home/user/ROS2_UR_manipulation_ws/install/ur_description/share/ur_description/meshes/ur16e/collision/forearm.stl
[3.582s] -- Up-to-date: /home/user/ROS2_UR_manipulation_ws/install/ur_description/share/ur_description/meshes/ur16e/visual
[3.582s] -- Up-to-date: /home/user/ROS2_UR_manipulation_ws/install/ur_description/share/ur_description/meshes/ur16e/visual/upperarm.dae
[3.582s] -- Up-to-date: /home/user/ROS2_UR_manipulation_ws/install/ur_description/share/ur_description/meshes/ur16e/visual/forearm.dae
[3.582s] -- Up-to-date: /home/user/ROS2_UR_manipulation_ws/install/ur_description/share/ur_description/meshes/ur10e
[3.582s] -- Up-to-date: /home/user/ROS2_UR_manipulation_ws/install/ur_description/share/ur_description/meshes/ur10e/collision
[3.584s] -- Up-to-date: /home/user/ROS2_UR_manipulation_ws/install/ur_description/share/ur_description/meshes/ur10e/collision/upperarm.stl
[3.584s] -- Up-to-date: /home/user/ROS2_UR_manipulation_ws/install/ur_description/share/ur_description/meshes/ur10e/collision/wrist1.stl
[3.584s] -- Up-to-date: /home/user/ROS2_UR_manipulation_ws/install/ur_description/share/ur_description/meshes/ur10e/collision/wrist3.stl
[3.585s] -- Up-to-date: /home/user/ROS2_UR_manipulation_ws/install/ur_description/share/ur_description/meshes/ur10e/collision/base.stl
[3.585s] -- Up-to-date: /home/user/ROS2_UR_manipulation_ws/install/ur_description/share/ur_description/meshes/ur10e/collision/shoulder.stl
[3.585s] -- Up-to-date: /home/user/ROS2_UR_manipulation_ws/install/ur_description/share/ur_description/meshes/ur10e/collision/forearm.stl
[3.585s] -- Up-to-date: /home/user/ROS2_UR_manipulation_ws/install/ur_description/share/ur_description/meshes/ur10e/collision/wrist2.stl
[3.585s] -- Up-to-date: /home/user/ROS2_UR_manipulation_ws/install/ur_description/share/ur_description/meshes/ur10e/visual
[3.585s] -- Up-to-date: /home/user/ROS2_UR_manipulation_ws/install/ur_description/share/ur_description/meshes/ur10e/visual/base.dae
[3.586s] -- Up-to-date: /home/user/ROS2_UR_manipulation_ws/install/ur_description/share/ur_description/meshes/ur10e/visual/wrist3.dae
[3.586s] -- Up-to-date: /home/user/ROS2_UR_manipulation_ws/install/ur_description/share/ur_description/meshes/ur10e/visual/upperarm.dae
[3.586s] -- Up-to-date: /home/user/ROS2_UR_manipulation_ws/install/ur_description/share/ur_description/meshes/ur10e/visual/wrist2.dae
[3.587s] -- Up-to-date: /home/user/ROS2_UR_manipulation_ws/install/ur_description/share/ur_description/meshes/ur10e/visual/forearm.dae
[3.587s] -- Up-to-date: /home/user/ROS2_UR_manipulation_ws/install/ur_description/share/ur_description/meshes/ur10e/visual/wrist1.dae
[3.588s] -- Up-to-date: /home/user/ROS2_UR_manipulation_ws/install/ur_description/share/ur_description/meshes/ur10e/visual/shoulder.dae
[3.588s] -- Up-to-date: /home/user/ROS2_UR_manipulation_ws/install/ur_description/share/ur_description/meshes/ur3
[3.588s] -- Up-to-date: /home/user/ROS2_UR_manipulation_ws/install/ur_description/share/ur_description/meshes/ur3/collision
[3.589s] -- Up-to-date: /home/user/ROS2_UR_manipulation_ws/install/ur_description/share/ur_description/meshes/ur3/collision/upperarm.stl
[3.589s] -- Up-to-date: /home/user/ROS2_UR_manipulation_ws/install/ur_description/share/ur_description/meshes/ur3/collision/wrist1.stl
[3.590s] -- Up-to-date: /home/user/ROS2_UR_manipulation_ws/install/ur_description/share/ur_description/meshes/ur3/collision/wrist3.stl
[3.590s] -- Up-to-date: /home/user/ROS2_UR_manipulation_ws/install/ur_description/share/ur_description/meshes/ur3/collision/base.stl
[3.590s] -- Up-to-date: /home/user/ROS2_UR_manipulation_ws/install/ur_description/share/ur_description/meshes/ur3/collision/shoulder.stl
[3.590s] -- Up-to-date: /home/user/ROS2_UR_manipulation_ws/install/ur_description/share/ur_description/meshes/ur3/collision/forearm.stl
[3.590s] -- Up-to-date: /home/user/ROS2_UR_manipulation_ws/install/ur_description/share/ur_description/meshes/ur3/collision/wrist2.stl
[3.590s] -- Up-to-date: /home/user/ROS2_UR_manipulation_ws/install/ur_description/share/ur_description/meshes/ur3/visual
[3.591s] -- Up-to-date: /home/user/ROS2_UR_manipulation_ws/install/ur_description/share/ur_description/meshes/ur3/visual/base.dae
[3.591s] -- Up-to-date: /home/user/ROS2_UR_manipulation_ws/install/ur_description/share/ur_description/meshes/ur3/visual/wrist3.dae
[3.592s] -- Up-to-date: /home/user/ROS2_UR_manipulation_ws/install/ur_description/share/ur_description/meshes/ur3/visual/upperarm.dae
[3.593s] -- Up-to-date: /home/user/ROS2_UR_manipulation_ws/install/ur_description/share/ur_description/meshes/ur3/visual/wrist2.dae
[3.593s] -- Up-to-date: /home/user/ROS2_UR_manipulation_ws/install/ur_description/share/ur_description/meshes/ur3/visual/forearm.dae
[3.593s] -- Up-to-date: /home/user/ROS2_UR_manipulation_ws/install/ur_description/share/ur_description/meshes/ur3/visual/wrist1.dae
[3.593s] -- Up-to-date: /home/user/ROS2_UR_manipulation_ws/install/ur_description/share/ur_description/meshes/ur3/visual/shoulder.dae
[3.593s] -- Up-to-date: /home/user/ROS2_UR_manipulation_ws/install/ur_description/share/ur_description/meshes/ur5
[3.596s] -- Up-to-date: /home/user/ROS2_UR_manipulation_ws/install/ur_description/share/ur_description/meshes/ur5/collision
[3.596s] -- Up-to-date: /home/user/ROS2_UR_manipulation_ws/install/ur_description/share/ur_description/meshes/ur5/collision/upperarm.stl
[3.596s] -- Up-to-date: /home/user/ROS2_UR_manipulation_ws/install/ur_description/share/ur_description/meshes/ur5/collision/wrist1.stl
[3.596s] -- Up-to-date: /home/user/ROS2_UR_manipulation_ws/install/ur_description/share/ur_description/meshes/ur5/collision/wrist3.stl
[3.596s] -- Up-to-date: /home/user/ROS2_UR_manipulation_ws/install/ur_description/share/ur_description/meshes/ur5/collision/base.stl
[3.596s] -- Up-to-date: /home/user/ROS2_UR_manipulation_ws/install/ur_description/share/ur_description/meshes/ur5/collision/shoulder.stl
[3.597s] -- Up-to-date: /home/user/ROS2_UR_manipulation_ws/install/ur_description/share/ur_description/meshes/ur5/collision/forearm.stl
[3.597s] -- Up-to-date: /home/user/ROS2_UR_manipulation_ws/install/ur_description/share/ur_description/meshes/ur5/collision/wrist2.stl
[3.597s] -- Up-to-date: /home/user/ROS2_UR_manipulation_ws/install/ur_description/share/ur_description/meshes/ur5/visual
[3.597s] -- Up-to-date: /home/user/ROS2_UR_manipulation_ws/install/ur_description/share/ur_description/meshes/ur5/visual/base.dae
[3.597s] -- Up-to-date: /home/user/ROS2_UR_manipulation_ws/install/ur_description/share/ur_description/meshes/ur5/visual/wrist3.dae
[3.600s] -- Up-to-date: /home/user/ROS2_UR_manipulation_ws/install/ur_description/share/ur_description/meshes/ur5/visual/upperarm.dae
[3.600s] -- Up-to-date: /home/user/ROS2_UR_manipulation_ws/install/ur_description/share/ur_description/meshes/ur5/visual/wrist2.dae
[3.600s] -- Up-to-date: /home/user/ROS2_UR_manipulation_ws/install/ur_description/share/ur_description/meshes/ur5/visual/forearm.dae
[3.601s] -- Up-to-date: /home/user/ROS2_UR_manipulation_ws/install/ur_description/share/ur_description/meshes/ur5/visual/wrist1.dae
[3.601s] -- Up-to-date: /home/user/ROS2_UR_manipulation_ws/install/ur_description/share/ur_description/meshes/ur5/visual/shoulder.dae
[3.601s] -- Up-to-date: /home/user/ROS2_UR_manipulation_ws/install/ur_description/share/ur_description/meshes/ur10
[3.601s] -- Up-to-date: /home/user/ROS2_UR_manipulation_ws/install/ur_description/share/ur_description/meshes/ur10/collision
[3.601s] -- Up-to-date: /home/user/ROS2_UR_manipulation_ws/install/ur_description/share/ur_description/meshes/ur10/collision/upperarm.stl
[3.601s] -- Up-to-date: /home/user/ROS2_UR_manipulation_ws/install/ur_description/share/ur_description/meshes/ur10/collision/wrist1.stl
[3.602s] -- Up-to-date: /home/user/ROS2_UR_manipulation_ws/install/ur_description/share/ur_description/meshes/ur10/collision/wrist3.stl
[3.602s] -- Up-to-date: /home/user/ROS2_UR_manipulation_ws/install/ur_description/share/ur_description/meshes/ur10/collision/base.stl
[3.602s] -- Up-to-date: /home/user/ROS2_UR_manipulation_ws/install/ur_description/share/ur_description/meshes/ur10/collision/shoulder.stl
[3.602s] -- Up-to-date: /home/user/ROS2_UR_manipulation_ws/install/ur_description/share/ur_description/meshes/ur10/collision/forearm.stl
[3.603s] -- Up-to-date: /home/user/ROS2_UR_manipulation_ws/install/ur_description/share/ur_description/meshes/ur10/collision/wrist2.stl
[3.603s] -- Up-to-date: /home/user/ROS2_UR_manipulation_ws/install/ur_description/share/ur_description/meshes/ur10/visual
[3.603s] -- Up-to-date: /home/user/ROS2_UR_manipulation_ws/install/ur_description/share/ur_description/meshes/ur10/visual/base.dae
[3.603s] -- Up-to-date: /home/user/ROS2_UR_manipulation_ws/install/ur_description/share/ur_description/meshes/ur10/visual/wrist3.dae
[3.603s] -- Up-to-date: /home/user/ROS2_UR_manipulation_ws/install/ur_description/share/ur_description/meshes/ur10/visual/upperarm.dae
[3.603s] -- Up-to-date: /home/user/ROS2_UR_manipulation_ws/install/ur_description/share/ur_description/meshes/ur10/visual/wrist2.dae
[3.603s] -- Up-to-date: /home/user/ROS2_UR_manipulation_ws/install/ur_description/share/ur_description/meshes/ur10/visual/forearm.dae
[3.603s] -- Up-to-date: /home/user/ROS2_UR_manipulation_ws/install/ur_description/share/ur_description/meshes/ur10/visual/wrist1.dae
[3.603s] -- Up-to-date: /home/user/ROS2_UR_manipulation_ws/install/ur_description/share/ur_description/meshes/ur10/visual/shoulder.dae
[3.604s] -- Up-to-date: /home/user/ROS2_UR_manipulation_ws/install/ur_description/share/ur_description/meshes/ur5e
[3.604s] -- Up-to-date: /home/user/ROS2_UR_manipulation_ws/install/ur_description/share/ur_description/meshes/ur5e/collision
[3.604s] -- Up-to-date: /home/user/ROS2_UR_manipulation_ws/install/ur_description/share/ur_description/meshes/ur5e/collision/upperarm.stl
[3.604s] -- Up-to-date: /home/user/ROS2_UR_manipulation_ws/install/ur_description/share/ur_description/meshes/ur5e/collision/wrist1.stl
[3.604s] -- Up-to-date: /home/user/ROS2_UR_manipulation_ws/install/ur_description/share/ur_description/meshes/ur5e/collision/wrist3.stl
[3.617s] -- Up-to-date: /home/user/ROS2_UR_manipulation_ws/install/ur_description/share/ur_description/meshes/ur5e/collision/base.stl
[3.619s] -- Up-to-date: /home/user/ROS2_UR_manipulation_ws/install/ur_description/share/ur_description/meshes/ur5e/collision/shoulder.stl
[3.619s] -- Up-to-date: /home/user/ROS2_UR_manipulation_ws/install/ur_description/share/ur_description/meshes/ur5e/collision/forearm.stl
[3.619s] -- Up-to-date: /home/user/ROS2_UR_manipulation_ws/install/ur_description/share/ur_description/meshes/ur5e/collision/wrist2.stl
[3.620s] -- Up-to-date: /home/user/ROS2_UR_manipulation_ws/install/ur_description/share/ur_description/meshes/ur5e/visual
[3.620s] -- Up-to-date: /home/user/ROS2_UR_manipulation_ws/install/ur_description/share/ur_description/meshes/ur5e/visual/base.dae
[3.620s] -- Up-to-date: /home/user/ROS2_UR_manipulation_ws/install/ur_description/share/ur_description/meshes/ur5e/visual/wrist3.dae
[3.620s] -- Up-to-date: /home/user/ROS2_UR_manipulation_ws/install/ur_description/share/ur_description/meshes/ur5e/visual/upperarm.dae
[3.620s] -- Up-to-date: /home/user/ROS2_UR_manipulation_ws/install/ur_description/share/ur_description/meshes/ur5e/visual/wrist2.dae
[3.622s] -- Up-to-date: /home/user/ROS2_UR_manipulation_ws/install/ur_description/share/ur_description/meshes/ur5e/visual/forearm.dae
[3.622s] -- Up-to-date: /home/user/ROS2_UR_manipulation_ws/install/ur_description/share/ur_description/meshes/ur5e/visual/wrist1.dae
[3.622s] -- Up-to-date: /home/user/ROS2_UR_manipulation_ws/install/ur_description/share/ur_description/meshes/ur5e/visual/shoulder.dae
[3.623s] -- Up-to-date: /home/user/ROS2_UR_manipulation_ws/install/ur_description/share/ur_description/meshes/ur3e
[3.623s] -- Up-to-date: /home/user/ROS2_UR_manipulation_ws/install/ur_description/share/ur_description/meshes/ur3e/collision
[3.623s] -- Up-to-date: /home/user/ROS2_UR_manipulation_ws/install/ur_description/share/ur_description/meshes/ur3e/collision/upperarm.stl
[3.623s] -- Up-to-date: /home/user/ROS2_UR_manipulation_ws/install/ur_description/share/ur_description/meshes/ur3e/collision/wrist1.stl
[3.623s] -- Up-to-date: /home/user/ROS2_UR_manipulation_ws/install/ur_description/share/ur_description/meshes/ur3e/collision/wrist3.stl
[3.623s] -- Up-to-date: /home/user/ROS2_UR_manipulation_ws/install/ur_description/share/ur_description/meshes/ur3e/collision/base.stl
[3.624s] -- Up-to-date: /home/user/ROS2_UR_manipulation_ws/install/ur_description/share/ur_description/meshes/ur3e/collision/shoulder.stl
[3.624s] -- Up-to-date: /home/user/ROS2_UR_manipulation_ws/install/ur_description/share/ur_description/meshes/ur3e/collision/forearm.stl
[3.625s] -- Up-to-date: /home/user/ROS2_UR_manipulation_ws/install/ur_description/share/ur_description/meshes/ur3e/collision/wrist2.stl
[3.625s] -- Up-to-date: /home/user/ROS2_UR_manipulation_ws/install/ur_description/share/ur_description/meshes/ur3e/visual
[3.625s] -- Up-to-date: /home/user/ROS2_UR_manipulation_ws/install/ur_description/share/ur_description/meshes/ur3e/visual/base.dae
[3.625s] -- Up-to-date: /home/user/ROS2_UR_manipulation_ws/install/ur_description/share/ur_description/meshes/ur3e/visual/wrist3.dae
[3.625s] -- Up-to-date: /home/user/ROS2_UR_manipulation_ws/install/ur_description/share/ur_description/meshes/ur3e/visual/upperarm.dae
[3.626s] -- Up-to-date: /home/user/ROS2_UR_manipulation_ws/install/ur_description/share/ur_description/meshes/ur3e/visual/wrist2.dae
[3.626s] -- Up-to-date: /home/user/ROS2_UR_manipulation_ws/install/ur_description/share/ur_description/meshes/ur3e/visual/forearm.dae
[3.626s] -- Up-to-date: /home/user/ROS2_UR_manipulation_ws/install/ur_description/share/ur_description/meshes/ur3e/visual/wrist1.dae
[3.626s] -- Up-to-date: /home/user/ROS2_UR_manipulation_ws/install/ur_description/share/ur_description/meshes/ur3e/visual/shoulder.dae
[3.626s] -- Up-to-date: /home/user/ROS2_UR_manipulation_ws/install/ur_description/share/ur_description/rviz
[3.626s] -- Up-to-date: /home/user/ROS2_UR_manipulation_ws/install/ur_description/share/ur_description/rviz/view_robot.rviz
[3.626s] -- Up-to-date: /home/user/ROS2_UR_manipulation_ws/install/ur_description/share/ur_description/urdf
[3.626s] -- Up-to-date: /home/user/ROS2_UR_manipulation_ws/install/ur_description/share/ur_description/urdf/inc
[3.626s] -- Up-to-date: /home/user/ROS2_UR_manipulation_ws/install/ur_description/share/ur_description/urdf/inc/ur_transmissions.xacro
[3.627s] -- Up-to-date: /home/user/ROS2_UR_manipulation_ws/install/ur_description/share/ur_description/urdf/inc/ur_common.xacro
[3.627s] -- Up-to-date: /home/user/ROS2_UR_manipulation_ws/install/ur_description/share/ur_description/urdf/ur_macro.xacro
[3.627s] -- Up-to-date: /home/user/ROS2_UR_manipulation_ws/install/ur_description/share/ur_description/urdf/ur_moveit.urdf.xacro
[3.627s] -- Up-to-date: /home/user/ROS2_UR_manipulation_ws/install/ur_description/share/ur_description/urdf/initial_positions.yaml
[3.628s] -- Up-to-date: /home/user/ROS2_UR_manipulation_ws/install/ur_description/share/ur_description/urdf/ur.ros2_control.xacro
[3.629s] -- Up-to-date: /home/user/ROS2_UR_manipulation_ws/install/ur_description/share/ur_description/urdf/ur.urdf.xacro
[3.630s] -- Up-to-date: /home/user/ROS2_UR_manipulation_ws/install/ur_description/share/ur_description/test
[3.630s] -- Up-to-date: /home/user/ROS2_UR_manipulation_ws/install/ur_description/share/ur_description/test/test_ur_urdf_xacro.py
[3.637s] -- Up-to-date: /home/user/ROS2_UR_manipulation_ws/install/ur_description/share/ur_description/test/test_view_ur_launch.py
[3.637s] -- Up-to-date: /home/user/ROS2_UR_manipulation_ws/install/ur_description/share/ament_index/resource_index/package_run_dependencies/ur_description
[3.637s] -- Up-to-date: /home/user/ROS2_UR_manipulation_ws/install/ur_description/share/ament_index/resource_index/parent_prefix_path/ur_description
[3.638s] -- Up-to-date: /home/user/ROS2_UR_manipulation_ws/install/ur_description/share/ur_description/environment/ament_prefix_path.sh
[3.638s] -- Up-to-date: /home/user/ROS2_UR_manipulation_ws/install/ur_description/share/ur_description/environment/ament_prefix_path.dsv
[3.638s] -- Up-to-date: /home/user/ROS2_UR_manipulation_ws/install/ur_description/share/ur_description/environment/path.sh
[3.638s] -- Up-to-date: /home/user/ROS2_UR_manipulation_ws/install/ur_description/share/ur_description/environment/path.dsv
[3.638s] -- Up-to-date: /home/user/ROS2_UR_manipulation_ws/install/ur_description/share/ur_description/local_setup.bash
[3.643s] -- Up-to-date: /home/user/ROS2_UR_manipulation_ws/install/ur_description/share/ur_description/local_setup.sh
[3.643s] -- Up-to-date: /home/user/ROS2_UR_manipulation_ws/install/ur_description/share/ur_description/local_setup.zsh
[3.643s] -- Up-to-date: /home/user/ROS2_UR_manipulation_ws/install/ur_description/share/ur_description/local_setup.dsv
[3.643s] -- Installing: /home/user/ROS2_UR_manipulation_ws/install/ur_description/share/ur_description/package.dsv
[3.644s] -- Up-to-date: /home/user/ROS2_UR_manipulation_ws/install/ur_description/share/ament_index/resource_index/packages/ur_description
[3.644s] -- Up-to-date: /home/user/ROS2_UR_manipulation_ws/install/ur_description/share/ur_description/cmake/ur_descriptionConfig.cmake
[3.644s] -- Up-to-date: /home/user/ROS2_UR_manipulation_ws/install/ur_description/share/ur_description/cmake/ur_descriptionConfig-version.cmake
[3.648s] -- Up-to-date: /home/user/ROS2_UR_manipulation_ws/install/ur_description/share/ur_description/package.xml
[3.655s] Invoked command in '/home/user/ROS2_UR_manipulation_ws/build/ur_description' returned '0': CMAKE_PREFIX_PATH=${CMAKE_PREFIX_PATH}:/home/user/ROS2_rUBot_tutorial_ws/install/ros2_tutorial:/home/user/ROS2_rUBot_tutorial_ws/install/ros2_move_turtle:/home/user/ROS2_rUBot_mecanum_ws/install/my_robot_driver:/home/user/ROS2_rUBot_mecanum_ws/install/my_robot_nav_control:/home/user/ROS2_rUBot_mecanum_ws/install/my_robot_control:/home/user/ROS2_rUBot_mecanum_ws/install/my_robot_ai_identification:/home/simulations/ros2_sims_ws/install/rclrs_tests:/home/simulations/ros2_sims_ws/install/examples_rclrs_minimal_client_service:/home/simulations/ros2_sims_ws/install/sensor_msgs_py:/home/simulations/ros2_sims_ws/install/examples_rclrs_minimal_pub_sub:/home/simulations/ros2_sims_ws/install/examples_rclrs_message_demo:/home/simulations/ros2_sims_ws/install/rclrs:/home/simulations/ros2_sims_ws/install/rosidl_runtime_rs:/opt/ros/humble _=/usr/bin/env /usr/bin/cmake --install /home/user/ROS2_UR_manipulation_ws/build/ur_description
