-- Found ament_cmake: 1.3.8 (/opt/ros/humble/share/ament_cmake/cmake)
-- Found Python3: /usr/bin/python3 (found version "3.10.12") found components: Interpreter 
-- Configuring done
-- Generating done
-- Build files have been written to: /home/user/ROS2_UR_manipulation_ws/build/robotnik_sensors_gazebo
-- Install configuration: ""
-- Installing: /home/user/ROS2_UR_manipulation_ws/install/robotnik_sensors_gazebo/share/ament_index/resource_index/package_run_dependencies/robotnik_sensors_gazebo
-- Installing: /home/user/ROS2_UR_manipulation_ws/install/robotnik_sensors_gazebo/share/ament_index/resource_index/parent_prefix_path/robotnik_sensors_gazebo
-- Installing: /home/user/ROS2_UR_manipulation_ws/install/robotnik_sensors_gazebo/share/robotnik_sensors_gazebo/environment/ament_prefix_path.sh
-- Installing: /home/user/ROS2_UR_manipulation_ws/install/robotnik_sensors_gazebo/share/robotnik_sensors_gazebo/environment/ament_prefix_path.dsv
-- Installing: /home/user/ROS2_UR_manipulation_ws/install/robotnik_sensors_gazebo/share/robotnik_sensors_gazebo/environment/path.sh
-- Installing: /home/user/ROS2_UR_manipulation_ws/install/robotnik_sensors_gazebo/share/robotnik_sensors_gazebo/environment/path.dsv
-- Installing: /home/user/ROS2_UR_manipulation_ws/install/robotnik_sensors_gazebo/share/robotnik_sensors_gazebo/local_setup.bash
-- Installing: /home/user/ROS2_UR_manipulation_ws/install/robotnik_sensors_gazebo/share/robotnik_sensors_gazebo/local_setup.sh
-- Installing: /home/user/ROS2_UR_manipulation_ws/install/robotnik_sensors_gazebo/share/robotnik_sensors_gazebo/local_setup.zsh
-- Installing: /home/user/ROS2_UR_manipulation_ws/install/robotnik_sensors_gazebo/share/robotnik_sensors_gazebo/local_setup.dsv
-- Installing: /home/user/ROS2_UR_manipulation_ws/install/robotnik_sensors_gazebo/share/robotnik_sensors_gazebo/package.dsv
-- Installing: /home/user/ROS2_UR_manipulation_ws/install/robotnik_sensors_gazebo/share/ament_index/resource_index/packages/robotnik_sensors_gazebo
-- Installing: /home/user/ROS2_UR_manipulation_ws/install/robotnik_sensors_gazebo/share/robotnik_sensors_gazebo/cmake/robotnik_sensors_gazeboConfig.cmake
-- Installing: /home/user/ROS2_UR_manipulation_ws/install/robotnik_sensors_gazebo/share/robotnik_sensors_gazebo/cmake/robotnik_sensors_gazeboConfig-version.cmake
-- Installing: /home/user/ROS2_UR_manipulation_ws/install/robotnik_sensors_gazebo/share/robotnik_sensors_gazebo/package.xml
