[0.048s] Invoking command in '/home/user/ROS2_UR_manipulation_ws/build/robotiq_85_description': CMAKE_PREFIX_PATH=${CMAKE_PREFIX_PATH}:/home/user/ROS2_rUBot_tutorial_ws/install/ros2_tutorial:/home/user/ROS2_rUBot_tutorial_ws/install/ros2_move_turtle:/home/user/ROS2_rUBot_mecanum_ws/install/my_robot_driver:/home/user/ROS2_rUBot_mecanum_ws/install/my_robot_nav_control:/home/user/ROS2_rUBot_mecanum_ws/install/my_robot_control:/home/user/ROS2_rUBot_mecanum_ws/install/my_robot_ai_identification:/home/simulations/ros2_sims_ws/install/rclrs_tests:/home/simulations/ros2_sims_ws/install/examples_rclrs_minimal_client_service:/home/simulations/ros2_sims_ws/install/sensor_msgs_py:/home/simulations/ros2_sims_ws/install/examples_rclrs_minimal_pub_sub:/home/simulations/ros2_sims_ws/install/examples_rclrs_message_demo:/home/simulations/ros2_sims_ws/install/rclrs:/home/simulations/ros2_sims_ws/install/rosidl_runtime_rs:/opt/ros/humble _=/usr/bin/env /usr/bin/cmake /home/user/ROS2_UR_manipulation_ws/src/robotiq_85_gripper/robotiq_85_description -DCMAKE_INSTALL_PREFIX=/home/user/ROS2_UR_manipulation_ws/install/robotiq_85_description
[4.499s] -- The C compiler identification is GNU 11.4.0
[6.757s] -- The CXX compiler identification is GNU 11.4.0
[6.872s] -- Detecting C compiler ABI info
[7.120s] -- Detecting C compiler ABI info - done
[7.127s] -- Check for working C compiler: /usr/bin/cc - skipped
[7.127s] -- Detecting C compile features
[7.172s] -- Detecting C compile features - done
[7.177s] -- Detecting CXX compiler ABI info
[7.526s] -- Detecting CXX compiler ABI info - done
[7.534s] -- Check for working CXX compiler: /usr/bin/c++ - skipped
[7.534s] -- Detecting CXX compile features
[7.535s] -- Detecting CXX compile features - done
[7.547s] -- Found ament_cmake: 1.3.8 (/opt/ros/humble/share/ament_cmake/cmake)
[8.033s] -- Found Python3: /usr/bin/python3 (found version "3.10.12") found components: Interpreter 
[8.588s] -- Configuring done
[8.591s] -- Generating done
[8.592s] -- Build files have been written to: /home/user/ROS2_UR_manipulation_ws/build/robotiq_85_description
[8.596s] Invoked command in '/home/user/ROS2_UR_manipulation_ws/build/robotiq_85_description' returned '0': CMAKE_PREFIX_PATH=${CMAKE_PREFIX_PATH}:/home/user/ROS2_rUBot_tutorial_ws/install/ros2_tutorial:/home/user/ROS2_rUBot_tutorial_ws/install/ros2_move_turtle:/home/user/ROS2_rUBot_mecanum_ws/install/my_robot_driver:/home/user/ROS2_rUBot_mecanum_ws/install/my_robot_nav_control:/home/user/ROS2_rUBot_mecanum_ws/install/my_robot_control:/home/user/ROS2_rUBot_mecanum_ws/install/my_robot_ai_identification:/home/simulations/ros2_sims_ws/install/rclrs_tests:/home/simulations/ros2_sims_ws/install/examples_rclrs_minimal_client_service:/home/simulations/ros2_sims_ws/install/sensor_msgs_py:/home/simulations/ros2_sims_ws/install/examples_rclrs_minimal_pub_sub:/home/simulations/ros2_sims_ws/install/examples_rclrs_message_demo:/home/simulations/ros2_sims_ws/install/rclrs:/home/simulations/ros2_sims_ws/install/rosidl_runtime_rs:/opt/ros/humble _=/usr/bin/env /usr/bin/cmake /home/user/ROS2_UR_manipulation_ws/src/robotiq_85_gripper/robotiq_85_description -DCMAKE_INSTALL_PREFIX=/home/user/ROS2_UR_manipulation_ws/install/robotiq_85_description
[8.599s] Invoking command in '/home/user/ROS2_UR_manipulation_ws/build/robotiq_85_description': CMAKE_PREFIX_PATH=${CMAKE_PREFIX_PATH}:/home/user/ROS2_rUBot_tutorial_ws/install/ros2_tutorial:/home/user/ROS2_rUBot_tutorial_ws/install/ros2_move_turtle:/home/user/ROS2_rUBot_mecanum_ws/install/my_robot_driver:/home/user/ROS2_rUBot_mecanum_ws/install/my_robot_nav_control:/home/user/ROS2_rUBot_mecanum_ws/install/my_robot_control:/home/user/ROS2_rUBot_mecanum_ws/install/my_robot_ai_identification:/home/simulations/ros2_sims_ws/install/rclrs_tests:/home/simulations/ros2_sims_ws/install/examples_rclrs_minimal_client_service:/home/simulations/ros2_sims_ws/install/sensor_msgs_py:/home/simulations/ros2_sims_ws/install/examples_rclrs_minimal_pub_sub:/home/simulations/ros2_sims_ws/install/examples_rclrs_message_demo:/home/simulations/ros2_sims_ws/install/rclrs:/home/simulations/ros2_sims_ws/install/rosidl_runtime_rs:/opt/ros/humble _=/usr/bin/env /usr/bin/cmake --build /home/user/ROS2_UR_manipulation_ws/build/robotiq_85_description -- -j8 -l8
[8.672s] Invoked command in '/home/user/ROS2_UR_manipulation_ws/build/robotiq_85_description' returned '0': CMAKE_PREFIX_PATH=${CMAKE_PREFIX_PATH}:/home/user/ROS2_rUBot_tutorial_ws/install/ros2_tutorial:/home/user/ROS2_rUBot_tutorial_ws/install/ros2_move_turtle:/home/user/ROS2_rUBot_mecanum_ws/install/my_robot_driver:/home/user/ROS2_rUBot_mecanum_ws/install/my_robot_nav_control:/home/user/ROS2_rUBot_mecanum_ws/install/my_robot_control:/home/user/ROS2_rUBot_mecanum_ws/install/my_robot_ai_identification:/home/simulations/ros2_sims_ws/install/rclrs_tests:/home/simulations/ros2_sims_ws/install/examples_rclrs_minimal_client_service:/home/simulations/ros2_sims_ws/install/sensor_msgs_py:/home/simulations/ros2_sims_ws/install/examples_rclrs_minimal_pub_sub:/home/simulations/ros2_sims_ws/install/examples_rclrs_message_demo:/home/simulations/ros2_sims_ws/install/rclrs:/home/simulations/ros2_sims_ws/install/rosidl_runtime_rs:/opt/ros/humble _=/usr/bin/env /usr/bin/cmake --build /home/user/ROS2_UR_manipulation_ws/build/robotiq_85_description -- -j8 -l8
[8.755s] Invoking command in '/home/user/ROS2_UR_manipulation_ws/build/robotiq_85_description': CMAKE_PREFIX_PATH=${CMAKE_PREFIX_PATH}:/home/user/ROS2_rUBot_tutorial_ws/install/ros2_tutorial:/home/user/ROS2_rUBot_tutorial_ws/install/ros2_move_turtle:/home/user/ROS2_rUBot_mecanum_ws/install/my_robot_driver:/home/user/ROS2_rUBot_mecanum_ws/install/my_robot_nav_control:/home/user/ROS2_rUBot_mecanum_ws/install/my_robot_control:/home/user/ROS2_rUBot_mecanum_ws/install/my_robot_ai_identification:/home/simulations/ros2_sims_ws/install/rclrs_tests:/home/simulations/ros2_sims_ws/install/examples_rclrs_minimal_client_service:/home/simulations/ros2_sims_ws/install/sensor_msgs_py:/home/simulations/ros2_sims_ws/install/examples_rclrs_minimal_pub_sub:/home/simulations/ros2_sims_ws/install/examples_rclrs_message_demo:/home/simulations/ros2_sims_ws/install/rclrs:/home/simulations/ros2_sims_ws/install/rosidl_runtime_rs:/opt/ros/humble _=/usr/bin/env /usr/bin/cmake --install /home/user/ROS2_UR_manipulation_ws/build/robotiq_85_description
[8.766s] -- Install configuration: ""
[8.766s] -- Installing: /home/user/ROS2_UR_manipulation_ws/install/robotiq_85_description/share/robotiq_85_description/config
[8.766s] -- Installing: /home/user/ROS2_UR_manipulation_ws/install/robotiq_85_description/share/robotiq_85_description/config/gripper_controller.yaml
[8.766s] -- Installing: /home/user/ROS2_UR_manipulation_ws/install/robotiq_85_description/share/robotiq_85_description/config/gripper_controller2.yaml
[8.766s] -- Installing: /home/user/ROS2_UR_manipulation_ws/install/robotiq_85_description/share/robotiq_85_description/config/view_gripper.rviz
[8.767s] -- Installing: /home/user/ROS2_UR_manipulation_ws/install/robotiq_85_description/share/robotiq_85_description/launch
[8.767s] -- Installing: /home/user/ROS2_UR_manipulation_ws/install/robotiq_85_description/share/robotiq_85_description/launch/gazebo.launch.py
[8.767s] -- Installing: /home/user/ROS2_UR_manipulation_ws/install/robotiq_85_description/share/robotiq_85_description/launch/view_gripper.launch.py
[8.767s] -- Installing: /home/user/ROS2_UR_manipulation_ws/install/robotiq_85_description/share/robotiq_85_description/launch/gripper_sim.launch.py
[8.767s] -- Installing: /home/user/ROS2_UR_manipulation_ws/install/robotiq_85_description/share/robotiq_85_description/launch/spawn_robot.launch.py
[8.767s] -- Installing: /home/user/ROS2_UR_manipulation_ws/install/robotiq_85_description/share/robotiq_85_description/meshes
[8.767s] -- Installing: /home/user/ROS2_UR_manipulation_ws/install/robotiq_85_description/share/robotiq_85_description/meshes/collision
[8.767s] -- Installing: /home/user/ROS2_UR_manipulation_ws/install/robotiq_85_description/share/robotiq_85_description/meshes/collision/ur_to_robotiq_adapter.stl
[8.767s] -- Installing: /home/user/ROS2_UR_manipulation_ws/install/robotiq_85_description/share/robotiq_85_description/meshes/collision/robotiq_85_finger_link.stl
[8.768s] -- Installing: /home/user/ROS2_UR_manipulation_ws/install/robotiq_85_description/share/robotiq_85_description/meshes/collision/robotiq_85_base_link.stl
[8.768s] -- Installing: /home/user/ROS2_UR_manipulation_ws/install/robotiq_85_description/share/robotiq_85_description/meshes/collision/robotiq_85_finger_tip_link.stl
[8.768s] -- Installing: /home/user/ROS2_UR_manipulation_ws/install/robotiq_85_description/share/robotiq_85_description/meshes/collision/robotiq_85_inner_knuckle_link.stl
[8.768s] -- Installing: /home/user/ROS2_UR_manipulation_ws/install/robotiq_85_description/share/robotiq_85_description/meshes/collision/robotiq_85_knuckle_link.stl
[8.768s] -- Installing: /home/user/ROS2_UR_manipulation_ws/install/robotiq_85_description/share/robotiq_85_description/meshes/visual
[8.768s] -- Installing: /home/user/ROS2_UR_manipulation_ws/install/robotiq_85_description/share/robotiq_85_description/meshes/visual/robotiq_85_knuckle_link.dae
[8.768s] -- Installing: /home/user/ROS2_UR_manipulation_ws/install/robotiq_85_description/share/robotiq_85_description/meshes/visual/robotiq_85_base_link.dae
[8.772s] -- Installing: /home/user/ROS2_UR_manipulation_ws/install/robotiq_85_description/share/robotiq_85_description/meshes/visual/robotiq_85_inner_knuckle_link.dae
[8.773s] -- Installing: /home/user/ROS2_UR_manipulation_ws/install/robotiq_85_description/share/robotiq_85_description/meshes/visual/ur_to_robotiq_adapter.dae
[8.773s] -- Installing: /home/user/ROS2_UR_manipulation_ws/install/robotiq_85_description/share/robotiq_85_description/meshes/visual/robotiq_85_finger_link.dae
[8.773s] -- Installing: /home/user/ROS2_UR_manipulation_ws/install/robotiq_85_description/share/robotiq_85_description/meshes/visual/robotiq_85_finger_tip_link.dae
[8.774s] -- Installing: /home/user/ROS2_UR_manipulation_ws/install/robotiq_85_description/share/robotiq_85_description/urdf
[8.774s] -- Installing: /home/user/ROS2_UR_manipulation_ws/install/robotiq_85_description/share/robotiq_85_description/urdf/robotiq_85_gripper_macro_gz.urdf.xacro
[8.774s] -- Installing: /home/user/ROS2_UR_manipulation_ws/install/robotiq_85_description/share/robotiq_85_description/urdf/robotiq_arg85_description.urdf.xacro
[8.774s] -- Installing: /home/user/ROS2_UR_manipulation_ws/install/robotiq_85_description/share/robotiq_85_description/urdf/robotiq_85_gripper_gz.ros2_control.xacro
[8.774s] -- Installing: /home/user/ROS2_UR_manipulation_ws/install/robotiq_85_description/share/robotiq_85_description/urdf/robotiq_85_gripper.transmission.xacro
[8.774s] -- Installing: /home/user/ROS2_UR_manipulation_ws/install/robotiq_85_description/share/robotiq_85_description/urdf/right_robotiq_85_gripper.urdf.xacro
[8.774s] -- Installing: /home/user/ROS2_UR_manipulation_ws/install/robotiq_85_description/share/robotiq_85_description/urdf/robotiq_85_gripper.urdf.xacro
[8.774s] -- Installing: /home/user/ROS2_UR_manipulation_ws/install/robotiq_85_description/share/robotiq_85_description/urdf/robotiq_85_gripper.ros2_control.xacro
[8.775s] -- Installing: /home/user/ROS2_UR_manipulation_ws/install/robotiq_85_description/share/robotiq_85_description/urdf/robotiq_85_gripper_sim_base.urdf.xacro
[8.775s] -- Installing: /home/user/ROS2_UR_manipulation_ws/install/robotiq_85_description/share/robotiq_85_description/urdf/robotiq_85_gripper_macro.urdf.xacro
[8.775s] -- Installing: /home/user/ROS2_UR_manipulation_ws/install/robotiq_85_description/share/robotiq_85_description/urdf/left_robotiq_85_gripper.urdf.xacro
[8.775s] -- Installing: /home/user/ROS2_UR_manipulation_ws/install/robotiq_85_description/share/robotiq_85_description/urdf/ur_to_robotiq_adapter.urdf.xacro
[8.775s] -- Installing: /home/user/ROS2_UR_manipulation_ws/install/robotiq_85_description/share/ament_index/resource_index/package_run_dependencies/robotiq_85_description
[8.775s] -- Installing: /home/user/ROS2_UR_manipulation_ws/install/robotiq_85_description/share/ament_index/resource_index/parent_prefix_path/robotiq_85_description
[8.776s] -- Installing: /home/user/ROS2_UR_manipulation_ws/install/robotiq_85_description/share/robotiq_85_description/environment/ament_prefix_path.sh
[8.776s] -- Installing: /home/user/ROS2_UR_manipulation_ws/install/robotiq_85_description/share/robotiq_85_description/environment/ament_prefix_path.dsv
[8.776s] -- Installing: /home/user/ROS2_UR_manipulation_ws/install/robotiq_85_description/share/robotiq_85_description/environment/path.sh
[8.776s] -- Installing: /home/user/ROS2_UR_manipulation_ws/install/robotiq_85_description/share/robotiq_85_description/environment/path.dsv
[8.776s] -- Installing: /home/user/ROS2_UR_manipulation_ws/install/robotiq_85_description/share/robotiq_85_description/local_setup.bash
[8.776s] -- Installing: /home/user/ROS2_UR_manipulation_ws/install/robotiq_85_description/share/robotiq_85_description/local_setup.sh
[8.776s] -- Installing: /home/user/ROS2_UR_manipulation_ws/install/robotiq_85_description/share/robotiq_85_description/local_setup.zsh
[8.777s] -- Installing: /home/user/ROS2_UR_manipulation_ws/install/robotiq_85_description/share/robotiq_85_description/local_setup.dsv
[8.777s] -- Installing: /home/user/ROS2_UR_manipulation_ws/install/robotiq_85_description/share/robotiq_85_description/package.dsv
[8.777s] -- Installing: /home/user/ROS2_UR_manipulation_ws/install/robotiq_85_description/share/ament_index/resource_index/packages/robotiq_85_description
[8.777s] -- Installing: /home/user/ROS2_UR_manipulation_ws/install/robotiq_85_description/share/robotiq_85_description/cmake/robotiq_85_descriptionConfig.cmake
[8.777s] -- Installing: /home/user/ROS2_UR_manipulation_ws/install/robotiq_85_description/share/robotiq_85_description/cmake/robotiq_85_descriptionConfig-version.cmake
[8.777s] -- Installing: /home/user/ROS2_UR_manipulation_ws/install/robotiq_85_description/share/robotiq_85_description/package.xml
[8.780s] Invoked command in '/home/user/ROS2_UR_manipulation_ws/build/robotiq_85_description' returned '0': CMAKE_PREFIX_PATH=${CMAKE_PREFIX_PATH}:/home/user/ROS2_rUBot_tutorial_ws/install/ros2_tutorial:/home/user/ROS2_rUBot_tutorial_ws/install/ros2_move_turtle:/home/user/ROS2_rUBot_mecanum_ws/install/my_robot_driver:/home/user/ROS2_rUBot_mecanum_ws/install/my_robot_nav_control:/home/user/ROS2_rUBot_mecanum_ws/install/my_robot_control:/home/user/ROS2_rUBot_mecanum_ws/install/my_robot_ai_identification:/home/simulations/ros2_sims_ws/install/rclrs_tests:/home/simulations/ros2_sims_ws/install/examples_rclrs_minimal_client_service:/home/simulations/ros2_sims_ws/install/sensor_msgs_py:/home/simulations/ros2_sims_ws/install/examples_rclrs_minimal_pub_sub:/home/simulations/ros2_sims_ws/install/examples_rclrs_message_demo:/home/simulations/ros2_sims_ws/install/rclrs:/home/simulations/ros2_sims_ws/install/rosidl_runtime_rs:/opt/ros/humble _=/usr/bin/env /usr/bin/cmake --install /home/user/ROS2_UR_manipulation_ws/build/robotiq_85_description
